 ******* Program HYDRUS
 ******* 
 Welcome to HYDRUS-1D                                                    
 Date:  15.11.2022    Time:  17:50:58
 Units: L = cm   , T = days , M = µg   


    n      depth     THr       THs       hs       Ks        Ks/KsTop     Beta      Ah        AK        ATh

    1      0.00     0.078     0.310       0.0   0.200E+02     1.000     0.000     1.000     1.000     1.000
    2      0.25     0.078     0.310       0.0   0.200E+02     1.000     0.000     1.000     1.000     1.000
    3      0.50     0.078     0.310       0.0   0.200E+02     1.000     0.000     1.000     1.000     1.000
    4      0.75     0.078     0.310       0.0   0.200E+02     1.000     0.000     1.000     1.000     1.000
    5      1.00     0.078     0.310       0.0   0.200E+02     1.000     0.000     1.000     1.000     1.000
    6      1.25     0.078     0.310       0.0   0.200E+02     1.000     0.000     1.000     1.000     1.000
    7      1.50     0.078     0.310       0.0   0.200E+02     1.000     0.000     1.000     1.000     1.000
    8      1.75     0.078     0.310       0.0   0.200E+02     1.000     0.000     1.000     1.000     1.000
    9      2.00     0.078     0.310       0.0   0.200E+02     1.000     0.000     1.000     1.000     1.000
   10      2.25     0.078     0.310       0.0   0.200E+02     1.000     0.000     1.000     1.000     1.000
   11      2.50     0.078     0.310       0.0   0.200E+02     1.000     0.000     1.000     1.000     1.000
   12      2.75     0.078     0.310       0.0   0.200E+02     1.000     0.000     1.000     1.000     1.000
   13      3.00     0.078     0.310       0.0   0.200E+02     1.000     0.000     1.000     1.000     1.000
   14      3.25     0.078     0.310       0.0   0.200E+02     1.000     0.000     1.000     1.000     1.000
   15      3.50     0.078     0.310       0.0   0.200E+02     1.000     0.000     1.000     1.000     1.000
   16      3.75     0.078     0.310       0.0   0.200E+02     1.000     0.000     1.000     1.000     1.000
   17      4.00     0.078     0.310       0.0   0.200E+02     1.000     0.000     1.000     1.000     1.000
   18      4.25     0.078     0.310       0.0   0.200E+02     1.000     0.000     1.000     1.000     1.000
   19      4.50     0.078     0.310       0.0   0.200E+02     1.000     0.000     1.000     1.000     1.000
   20      4.75     0.078     0.310       0.0   0.200E+02     1.000     0.000     1.000     1.000     1.000
   21      5.00     0.078     0.310       0.0   0.200E+02     1.000     0.000     1.000     1.000     1.000
   22      5.25     0.078     0.400       0.0   0.200E+02     1.000     0.000     1.000     1.000     1.000
   23      5.50     0.078     0.400       0.0   0.200E+02     1.000     0.000     1.000     1.000     1.000
   24      5.75     0.078     0.400       0.0   0.200E+02     1.000     0.000     1.000     1.000     1.000
   25      6.00     0.078     0.400       0.0   0.200E+02     1.000     0.000     1.000     1.000     1.000
   26      6.25     0.078     0.400       0.0   0.200E+02     1.000     0.000     1.000     1.000     1.000
   27      6.50     0.078     0.400       0.0   0.200E+02     1.000     0.000     1.000     1.000     1.000
   28      6.75     0.078     0.400       0.0   0.200E+02     1.000     0.000     1.000     1.000     1.000
   29      7.00     0.078     0.400       0.0   0.200E+02     1.000     0.000     1.000     1.000     1.000
   30      7.25     0.078     0.400       0.0   0.200E+02     1.000     0.000     1.000     1.000     1.000
   31      7.50     0.078     0.400       0.0   0.200E+02     1.000     0.000     1.000     1.000     1.000
   32      7.75     0.078     0.400       0.0   0.200E+02     1.000     0.000     1.000     1.000     1.000
   33      8.00     0.078     0.400       0.0   0.200E+02     1.000     0.000     1.000     1.000     1.000
   34      8.25     0.078     0.400       0.0   0.200E+02     1.000     0.000     1.000     1.000     1.000
   35      8.50     0.078     0.400       0.0   0.200E+02     1.000     0.000     1.000     1.000     1.000
   36      8.75     0.078     0.400       0.0   0.200E+02     1.000     0.000     1.000     1.000     1.000
   37      9.00     0.078     0.400       0.0   0.200E+02     1.000     0.000     1.000     1.000     1.000
   38      9.25     0.078     0.400       0.0   0.200E+02     1.000     0.000     1.000     1.000     1.000
   39      9.50     0.078     0.400       0.0   0.200E+02     1.000     0.000     1.000     1.000     1.000
   40      9.75     0.078     0.400       0.0   0.200E+02     1.000     0.000     1.000     1.000     1.000
   41     10.00     0.078     0.400       0.0   0.200E+02     1.000     0.000     1.000     1.000     1.000
   42     10.25     0.078     0.400       0.0   0.200E+02     1.000     0.000     1.000     1.000     1.000
   43     10.50     0.078     0.400       0.0   0.200E+02     1.000     0.000     1.000     1.000     1.000
   44     10.75     0.078     0.400       0.0   0.200E+02     1.000     0.000     1.000     1.000     1.000
   45     11.00     0.078     0.400       0.0   0.200E+02     1.000     0.000     1.000     1.000     1.000
   46     11.25     0.078     0.400       0.0   0.200E+02     1.000     0.000     1.000     1.000     1.000
   47     11.50     0.078     0.400       0.0   0.200E+02     1.000     0.000     1.000     1.000     1.000
   48     11.75     0.078     0.400       0.0   0.200E+02     1.000     0.000     1.000     1.000     1.000
   49     12.00     0.078     0.400       0.0   0.200E+02     1.000     0.000     1.000     1.000     1.000
   50     12.25     0.078     0.400       0.0   0.200E+02     1.000     0.000     1.000     1.000     1.000
   51     12.50     0.078     0.400       0.0   0.200E+02     1.000     0.000     1.000     1.000     1.000
   52     12.75     0.078     0.400       0.0   0.200E+02     1.000     0.000     1.000     1.000     1.000
   53     13.00     0.078     0.400       0.0   0.200E+02     1.000     0.000     1.000     1.000     1.000
   54     13.25     0.078     0.400       0.0   0.200E+02     1.000     0.000     1.000     1.000     1.000
   55     13.50     0.078     0.400       0.0   0.200E+02     1.000     0.000     1.000     1.000     1.000
   56     13.75     0.078     0.400       0.0   0.200E+02     1.000     0.000     1.000     1.000     1.000
   57     14.00     0.078     0.400       0.0   0.200E+02     1.000     0.000     1.000     1.000     1.000
   58     14.25     0.078     0.400       0.0   0.200E+02     1.000     0.000     1.000     1.000     1.000
   59     14.50     0.078     0.400       0.0   0.200E+02     1.000     0.000     1.000     1.000     1.000
   60     14.75     0.078     0.400       0.0   0.200E+02     1.000     0.000     1.000     1.000     1.000
   61     15.00     0.078     0.400       0.0   0.200E+02     1.000     0.000     1.000     1.000     1.000
   62     15.25     0.078     0.400       0.0   0.200E+02     1.000     0.000     1.000     1.000     1.000
   63     15.50     0.078     0.400       0.0   0.200E+02     1.000     0.000     1.000     1.000     1.000
   64     15.75     0.078     0.400       0.0   0.200E+02     1.000     0.000     1.000     1.000     1.000
   65     16.00     0.078     0.400       0.0   0.200E+02     1.000     0.000     1.000     1.000     1.000
   66     16.25     0.078     0.400       0.0   0.200E+02     1.000     0.000     1.000     1.000     1.000
   67     16.50     0.078     0.400       0.0   0.200E+02     1.000     0.000     1.000     1.000     1.000
   68     16.75     0.078     0.400       0.0   0.200E+02     1.000     0.000     1.000     1.000     1.000
   69     17.00     0.078     0.400       0.0   0.200E+02     1.000     0.000     1.000     1.000     1.000
   70     17.25     0.078     0.400       0.0   0.200E+02     1.000     0.000     1.000     1.000     1.000
   71     17.50     0.078     0.400       0.0   0.200E+02     1.000     0.000     1.000     1.000     1.000
   72     17.75     0.078     0.400       0.0   0.200E+02     1.000     0.000     1.000     1.000     1.000
   73     18.00     0.078     0.400       0.0   0.200E+02     1.000     0.000     1.000     1.000     1.000
   74     18.25     0.078     0.400       0.0   0.200E+02     1.000     0.000     1.000     1.000     1.000
   75     18.50     0.078     0.400       0.0   0.200E+02     1.000     0.000     1.000     1.000     1.000
   76     18.75     0.078     0.400       0.0   0.200E+02     1.000     0.000     1.000     1.000     1.000
   77     19.00     0.078     0.400       0.0   0.200E+02     1.000     0.000     1.000     1.000     1.000
   78     19.25     0.078     0.400       0.0   0.200E+02     1.000     0.000     1.000     1.000     1.000
   79     19.50     0.078     0.400       0.0   0.200E+02     1.000     0.000     1.000     1.000     1.000
   80     19.75     0.078     0.400       0.0   0.200E+02     1.000     0.000     1.000     1.000     1.000
   81     20.00     0.078     0.400       0.0   0.200E+02     1.000     0.000     1.000     1.000     1.000
   82     20.25     0.078     0.400       0.0   0.200E+02     1.000     0.000     1.000     1.000     1.000
   83     20.50     0.078     0.400       0.0   0.200E+02     1.000     0.000     1.000     1.000     1.000
   84     20.75     0.078     0.400       0.0   0.200E+02     1.000     0.000     1.000     1.000     1.000
   85     21.00     0.078     0.400       0.0   0.200E+02     1.000     0.000     1.000     1.000     1.000
   86     21.25     0.078     0.400       0.0   0.200E+02     1.000     0.000     1.000     1.000     1.000
   87     21.50     0.078     0.400       0.0   0.200E+02     1.000     0.000     1.000     1.000     1.000
   88     21.75     0.078     0.400       0.0   0.200E+02     1.000     0.000     1.000     1.000     1.000
   89     22.00     0.078     0.400       0.0   0.200E+02     1.000     0.000     1.000     1.000     1.000
   90     22.25     0.078     0.400       0.0   0.200E+02     1.000     0.000     1.000     1.000     1.000
   91     22.50     0.078     0.400       0.0   0.200E+02     1.000     0.000     1.000     1.000     1.000
   92     22.75     0.078     0.400       0.0   0.200E+02     1.000     0.000     1.000     1.000     1.000
   93     23.00     0.078     0.400       0.0   0.200E+02     1.000     0.000     1.000     1.000     1.000
   94     23.25     0.078     0.400       0.0   0.200E+02     1.000     0.000     1.000     1.000     1.000
   95     23.50     0.078     0.400       0.0   0.200E+02     1.000     0.000     1.000     1.000     1.000
   96     23.75     0.078     0.400       0.0   0.200E+02     1.000     0.000     1.000     1.000     1.000
   97     24.00     0.078     0.400       0.0   0.200E+02     1.000     0.000     1.000     1.000     1.000
   98     24.25     0.078     0.400       0.0   0.200E+02     1.000     0.000     1.000     1.000     1.000
   99     24.50     0.078     0.400       0.0   0.200E+02     1.000     0.000     1.000     1.000     1.000
  100     24.75     0.078     0.400       0.0   0.200E+02     1.000     0.000     1.000     1.000     1.000
  101     25.00     0.078     0.400       0.0   0.200E+02     1.000     0.000     1.000     1.000     1.000
  102     25.25     0.078     0.400       0.0   0.200E+02     1.000     0.000     1.000     1.000     1.000
  103     25.50     0.078     0.400       0.0   0.200E+02     1.000     0.000     1.000     1.000     1.000
  104     25.75     0.078     0.400       0.0   0.200E+02     1.000     0.000     1.000     1.000     1.000
  105     26.00     0.078     0.400       0.0   0.200E+02     1.000     0.000     1.000     1.000     1.000
  106     26.25     0.078     0.400       0.0   0.200E+02     1.000     0.000     1.000     1.000     1.000
  107     26.50     0.078     0.400       0.0   0.200E+02     1.000     0.000     1.000     1.000     1.000
  108     26.75     0.078     0.400       0.0   0.200E+02     1.000     0.000     1.000     1.000     1.000
  109     27.00     0.078     0.400       0.0   0.200E+02     1.000     0.000     1.000     1.000     1.000
  110     27.25     0.078     0.400       0.0   0.200E+02     1.000     0.000     1.000     1.000     1.000
  111     27.50     0.078     0.400       0.0   0.200E+02     1.000     0.000     1.000     1.000     1.000
  112     27.75     0.078     0.400       0.0   0.200E+02     1.000     0.000     1.000     1.000     1.000
  113     28.00     0.078     0.400       0.0   0.200E+02     1.000     0.000     1.000     1.000     1.000
  114     28.25     0.078     0.400       0.0   0.200E+02     1.000     0.000     1.000     1.000     1.000
  115     28.50     0.078     0.400       0.0   0.200E+02     1.000     0.000     1.000     1.000     1.000
  116     28.75     0.078     0.400       0.0   0.200E+02     1.000     0.000     1.000     1.000     1.000
  117     29.00     0.078     0.400       0.0   0.200E+02     1.000     0.000     1.000     1.000     1.000
  118     29.25     0.078     0.400       0.0   0.200E+02     1.000     0.000     1.000     1.000     1.000
  119     29.50     0.078     0.400       0.0   0.200E+02     1.000     0.000     1.000     1.000     1.000
  120     29.75     0.078     0.400       0.0   0.200E+02     1.000     0.000     1.000     1.000     1.000
  121     30.00     0.078     0.400       0.0   0.200E+02     1.000     0.000     1.000     1.000     1.000
  122     30.25     0.078     0.400       0.0   0.200E+02     1.000     0.000     1.000     1.000     1.000
  123     30.50     0.078     0.400       0.0   0.200E+02     1.000     0.000     1.000     1.000     1.000
  124     30.75     0.078     0.400       0.0   0.200E+02     1.000     0.000     1.000     1.000     1.000
  125     31.00     0.078     0.400       0.0   0.200E+02     1.000     0.000     1.000     1.000     1.000
  126     31.25     0.078     0.400       0.0   0.200E+02     1.000     0.000     1.000     1.000     1.000
  127     31.50     0.078     0.400       0.0   0.200E+02     1.000     0.000     1.000     1.000     1.000
  128     31.75     0.078     0.400       0.0   0.200E+02     1.000     0.000     1.000     1.000     1.000
  129     32.00     0.078     0.400       0.0   0.200E+02     1.000     0.000     1.000     1.000     1.000
  130     32.25     0.078     0.400       0.0   0.200E+02     1.000     0.000     1.000     1.000     1.000
  131     32.50     0.078     0.400       0.0   0.200E+02     1.000     0.000     1.000     1.000     1.000
  132     32.75     0.078     0.400       0.0   0.200E+02     1.000     0.000     1.000     1.000     1.000
  133     33.00     0.078     0.400       0.0   0.200E+02     1.000     0.000     1.000     1.000     1.000
  134     33.25     0.078     0.400       0.0   0.200E+02     1.000     0.000     1.000     1.000     1.000
  135     33.50     0.078     0.400       0.0   0.200E+02     1.000     0.000     1.000     1.000     1.000
  136     33.75     0.078     0.400       0.0   0.200E+02     1.000     0.000     1.000     1.000     1.000
  137     34.00     0.078     0.400       0.0   0.200E+02     1.000     0.000     1.000     1.000     1.000
  138     34.25     0.078     0.400       0.0   0.200E+02     1.000     0.000     1.000     1.000     1.000
  139     34.50     0.078     0.400       0.0   0.200E+02     1.000     0.000     1.000     1.000     1.000
  140     34.75     0.078     0.400       0.0   0.200E+02     1.000     0.000     1.000     1.000     1.000
  141     35.00     0.078     0.310       0.0   0.200E+02     1.000     0.000     1.000     1.000     1.000
  142     35.25     0.078     0.310       0.0   0.200E+02     1.000     0.000     1.000     1.000     1.000
  143     35.50     0.078     0.310       0.0   0.200E+02     1.000     0.000     1.000     1.000     1.000
  144     35.75     0.078     0.310       0.0   0.200E+02     1.000     0.000     1.000     1.000     1.000
  145     36.00     0.078     0.310       0.0   0.200E+02     1.000     0.000     1.000     1.000     1.000
  146     36.25     0.078     0.310       0.0   0.200E+02     1.000     0.000     1.000     1.000     1.000
  147     36.50     0.078     0.310       0.0   0.200E+02     1.000     0.000     1.000     1.000     1.000
  148     36.75     0.078     0.310       0.0   0.200E+02     1.000     0.000     1.000     1.000     1.000
  149     37.00     0.078     0.310       0.0   0.200E+02     1.000     0.000     1.000     1.000     1.000
  150     37.25     0.078     0.310       0.0   0.200E+02     1.000     0.000     1.000     1.000     1.000
  151     37.50     0.078     0.310       0.0   0.200E+02     1.000     0.000     1.000     1.000     1.000
  152     37.75     0.078     0.310       0.0   0.200E+02     1.000     0.000     1.000     1.000     1.000
  153     38.00     0.078     0.310       0.0   0.200E+02     1.000     0.000     1.000     1.000     1.000
  154     38.25     0.078     0.310       0.0   0.200E+02     1.000     0.000     1.000     1.000     1.000
  155     38.50     0.078     0.310       0.0   0.200E+02     1.000     0.000     1.000     1.000     1.000
  156     38.75     0.078     0.310       0.0   0.200E+02     1.000     0.000     1.000     1.000     1.000
  157     39.00     0.078     0.310       0.0   0.200E+02     1.000     0.000     1.000     1.000     1.000
  158     39.25     0.078     0.310       0.0   0.200E+02     1.000     0.000     1.000     1.000     1.000
  159     39.50     0.078     0.310       0.0   0.200E+02     1.000     0.000     1.000     1.000     1.000
  160     39.75     0.078     0.310       0.0   0.200E+02     1.000     0.000     1.000     1.000     1.000
  161     40.00     0.078     0.310       0.0   0.200E+02     1.000     0.000     1.000     1.000     1.000
end
