 ******* Program HYDRUS
 ******* 
 PFOS                                                                    
 Date:   8.11.2022    Time:  15:44:14
 Units: L = cm   , T = days , M = µg   

----------------------------------------------------------
 Time       [T]        0.0000
----------------------------------------------------------
 Sub-region num.                     1
----------------------------------------------------------
 Length   [L]        0.40000E+02  0.40000E+02
 W-volume [L]        0.80000E+01  0.80000E+01
 In-flow  [L/T]      0.00000E+00  0.00000E+00
 h Mean   [L]       -0.10000E+03 -0.10000E+03
 ConcVol  [M/L2] 1   0.51307E+01  0.51307E+01
 cMean    [M/L3] 1   0.32000E-01  0.32000E-01
 SorbVolIm[M/L2] 1   0.33496E+00  0.33496E+00
 sMeanIm  [-]    1   0.53000E-02  0.53000E-02
 Top Flux [L/T]      0.00000E+00
 Bot Flux [L/T]      0.00000E+00
----------------------------------------------------------

----------------------------------------------------------
 Time       [T]        0.2000
----------------------------------------------------------
 Sub-region num.                     1
----------------------------------------------------------
 Length   [L]        0.40000E+02  0.40000E+02
 ConcVol  [M/L2] 1   0.49909E+01  0.49909E+01
 cMean    [M/L3] 1   0.31127E-01  0.31127E-01
 SorbVolIm[M/L2] 1   0.33936E+00  0.33936E+00
 sMeanIm  [-]    1   0.53697E-02  0.53697E-02
 CncBalT  [M]    1  -0.12241E-02
 CncBalR  [%]    1         0.876
----------------------------------------------------------

----------------------------------------------------------
 Time       [T]        0.4000
----------------------------------------------------------
 Sub-region num.                     1
----------------------------------------------------------
 Length   [L]        0.40000E+02  0.40000E+02
 ConcVol  [M/L2] 1   0.49861E+01  0.49861E+01
 cMean    [M/L3] 1   0.31097E-01  0.31097E-01
 SorbVolIm[M/L2] 1   0.34377E+00  0.34377E+00
 sMeanIm  [-]    1   0.54394E-02  0.54394E-02
 CncBalT  [M]    1  -0.16339E-02
 CncBalR  [%]    1         1.130
----------------------------------------------------------

----------------------------------------------------------
 Time       [T]        0.6000
----------------------------------------------------------
 Sub-region num.                     1
----------------------------------------------------------
 Length   [L]        0.40000E+02  0.40000E+02
 ConcVol  [M/L2] 1   0.49813E+01  0.49813E+01
 cMean    [M/L3] 1   0.31067E-01  0.31067E-01
 SorbVolIm[M/L2] 1   0.34817E+00  0.34817E+00
 sMeanIm  [-]    1   0.55090E-02  0.55090E-02
 CncBalT  [M]    1  -0.20456E-02
 CncBalR  [%]    1         1.369
----------------------------------------------------------

----------------------------------------------------------
 Time       [T]        0.8000
----------------------------------------------------------
 Sub-region num.                     1
----------------------------------------------------------
 Length   [L]        0.40000E+02  0.40000E+02
 ConcVol  [M/L2] 1   0.49765E+01  0.49765E+01
 cMean    [M/L3] 1   0.31036E-01  0.31036E-01
 SorbVolIm[M/L2] 1   0.35257E+00  0.35257E+00
 sMeanIm  [-]    1   0.55787E-02  0.55787E-02
 CncBalT  [M]    1  -0.24569E-02
 CncBalR  [%]    1         1.594
----------------------------------------------------------

----------------------------------------------------------
 Time       [T]        1.0000
----------------------------------------------------------
 Sub-region num.                     1
----------------------------------------------------------
 Length   [L]        0.40000E+02  0.40000E+02
 ConcVol  [M/L2] 1   0.49717E+01  0.49717E+01
 cMean    [M/L3] 1   0.31006E-01  0.31006E-01
 SorbVolIm[M/L2] 1   0.35692E+00  0.35692E+00
 sMeanIm  [-]    1   0.56475E-02  0.56475E-02
 CncBalT  [M]    1  -0.29252E-02
 CncBalR  [%]    1         1.840
----------------------------------------------------------

----------------------------------------------------------
 Time       [T]        1.2000
----------------------------------------------------------
 Sub-region num.                     1
----------------------------------------------------------
 Length   [L]        0.40000E+02  0.40000E+02
 ConcVol  [M/L2] 1   0.49670E+01  0.49670E+01
 cMean    [M/L3] 1   0.30975E-01  0.30975E-01
 SorbVolIm[M/L2] 1   0.36127E+00  0.36127E+00
 sMeanIm  [-]    1   0.57163E-02  0.57163E-02
 CncBalT  [M]    1  -0.33952E-02
 CncBalR  [%]    1         2.074
----------------------------------------------------------

----------------------------------------------------------
 Time       [T]        1.4000
----------------------------------------------------------
 Sub-region num.                     1
----------------------------------------------------------
 Length   [L]        0.40000E+02  0.40000E+02
 ConcVol  [M/L2] 1   0.49622E+01  0.49622E+01
 cMean    [M/L3] 1   0.30945E-01  0.30945E-01
 SorbVolIm[M/L2] 1   0.36561E+00  0.36561E+00
 sMeanIm  [-]    1   0.57850E-02  0.57850E-02
 CncBalT  [M]    1  -0.38666E-02
 CncBalR  [%]    1         2.294
----------------------------------------------------------

----------------------------------------------------------
 Time       [T]        1.6000
----------------------------------------------------------
 Sub-region num.                     1
----------------------------------------------------------
 Length   [L]        0.40000E+02  0.40000E+02
 ConcVol  [M/L2] 1   0.49574E+01  0.49574E+01
 cMean    [M/L3] 1   0.30914E-01  0.30914E-01
 SorbVolIm[M/L2] 1   0.36996E+00  0.36996E+00
 sMeanIm  [-]    1   0.58538E-02  0.58538E-02
 CncBalT  [M]    1  -0.43390E-02
 CncBalR  [%]    1         2.504
----------------------------------------------------------

----------------------------------------------------------
 Time       [T]        1.8000
----------------------------------------------------------
 Sub-region num.                     1
----------------------------------------------------------
 Length   [L]        0.40000E+02  0.40000E+02
 ConcVol  [M/L2] 1   0.49526E+01  0.49526E+01
 cMean    [M/L3] 1   0.30884E-01  0.30884E-01
 SorbVolIm[M/L2] 1   0.37431E+00  0.37431E+00
 sMeanIm  [-]    1   0.59226E-02  0.59226E-02
 CncBalT  [M]    1  -0.48133E-02
 CncBalR  [%]    1         2.703
----------------------------------------------------------

----------------------------------------------------------
 Time       [T]        2.0000
----------------------------------------------------------
 Sub-region num.                     1
----------------------------------------------------------
 Length   [L]        0.40000E+02  0.40000E+02
 ConcVol  [M/L2] 1   0.49478E+01  0.49478E+01
 cMean    [M/L3] 1   0.30854E-01  0.30854E-01
 SorbVolIm[M/L2] 1   0.37865E+00  0.37865E+00
 sMeanIm  [-]    1   0.59914E-02  0.59914E-02
 CncBalT  [M]    1  -0.52876E-02
 CncBalR  [%]    1         2.891
----------------------------------------------------------

----------------------------------------------------------
 Time       [T]        2.2000
----------------------------------------------------------
 Sub-region num.                     1
----------------------------------------------------------
 Length   [L]        0.40000E+02  0.40000E+02
 ConcVol  [M/L2] 1   0.49430E+01  0.49430E+01
 cMean    [M/L3] 1   0.30823E-01  0.30823E-01
 SorbVolIm[M/L2] 1   0.38297E+00  0.38297E+00
 sMeanIm  [-]    1   0.60596E-02  0.60596E-02
 CncBalT  [M]    1  -0.57951E-02
 CncBalR  [%]    1         3.088
----------------------------------------------------------

----------------------------------------------------------
 Time       [T]        2.4000
----------------------------------------------------------
 Sub-region num.                     1
----------------------------------------------------------
 Length   [L]        0.40000E+02  0.40000E+02
 ConcVol  [M/L2] 1   0.49382E+01  0.49382E+01
 cMean    [M/L3] 1   0.30793E-01  0.30793E-01
 SorbVolIm[M/L2] 1   0.38726E+00  0.38726E+00
 sMeanIm  [-]    1   0.61275E-02  0.61275E-02
 CncBalT  [M]    1  -0.63286E-02
 CncBalR  [%]    1         3.288
----------------------------------------------------------

----------------------------------------------------------
 Time       [T]        2.6000
----------------------------------------------------------
 Sub-region num.                     1
----------------------------------------------------------
 Length   [L]        0.40000E+02  0.40000E+02
 ConcVol  [M/L2] 1   0.49334E+01  0.49334E+01
 cMean    [M/L3] 1   0.30762E-01  0.30762E-01
 SorbVolIm[M/L2] 1   0.39155E+00  0.39155E+00
 sMeanIm  [-]    1   0.61954E-02  0.61954E-02
 CncBalT  [M]    1  -0.68612E-02
 CncBalR  [%]    1         3.478
----------------------------------------------------------

----------------------------------------------------------
 Time       [T]        2.8000
----------------------------------------------------------
 Sub-region num.                     1
----------------------------------------------------------
 Length   [L]        0.40000E+02  0.40000E+02
 ConcVol  [M/L2] 1   0.49286E+01  0.49286E+01
 cMean    [M/L3] 1   0.30732E-01  0.30732E-01
 SorbVolIm[M/L2] 1   0.39584E+00  0.39584E+00
 sMeanIm  [-]    1   0.62632E-02  0.62632E-02
 CncBalT  [M]    1  -0.73975E-02
 CncBalR  [%]    1         3.661
----------------------------------------------------------

----------------------------------------------------------
 Time       [T]        3.0000
----------------------------------------------------------
 Sub-region num.                     1
----------------------------------------------------------
 Length   [L]        0.40000E+02  0.40000E+02
 ConcVol  [M/L2] 1   0.49238E+01  0.49238E+01
 cMean    [M/L3] 1   0.30701E-01  0.30701E-01
 SorbVolIm[M/L2] 1   0.40012E+00  0.40012E+00
 sMeanIm  [-]    1   0.63311E-02  0.63311E-02
 CncBalT  [M]    1  -0.79344E-02
 CncBalR  [%]    1         3.836
----------------------------------------------------------

----------------------------------------------------------
 Time       [T]        3.2000
----------------------------------------------------------
 Sub-region num.                     1
----------------------------------------------------------
 Length   [L]        0.40000E+02  0.40000E+02
 ConcVol  [M/L2] 1   0.49190E+01  0.49190E+01
 cMean    [M/L3] 1   0.30671E-01  0.30671E-01
 SorbVolIm[M/L2] 1   0.40441E+00  0.40441E+00
 sMeanIm  [-]    1   0.63990E-02  0.63990E-02
 CncBalT  [M]    1  -0.84717E-02
 CncBalR  [%]    1         4.003
----------------------------------------------------------

----------------------------------------------------------
 Time       [T]        3.4000
----------------------------------------------------------
 Sub-region num.                     1
----------------------------------------------------------
 Length   [L]        0.40000E+02  0.40000E+02
 ConcVol  [M/L2] 1   0.49142E+01  0.49142E+01
 cMean    [M/L3] 1   0.30640E-01  0.30640E-01
 SorbVolIm[M/L2] 1   0.40870E+00  0.40870E+00
 sMeanIm  [-]    1   0.64667E-02  0.64667E-02
 CncBalT  [M]    1  -0.90164E-02
 CncBalR  [%]    1         4.166
----------------------------------------------------------

----------------------------------------------------------
 Time       [T]        3.6000
----------------------------------------------------------
 Sub-region num.                     1
----------------------------------------------------------
 Length   [L]        0.40000E+02  0.40000E+02
 ConcVol  [M/L2] 1   0.49094E+01  0.49094E+01
 cMean    [M/L3] 1   0.30610E-01  0.30610E-01
 SorbVolIm[M/L2] 1   0.41293E+00  0.41293E+00
 sMeanIm  [-]    1   0.65337E-02  0.65337E-02
 CncBalT  [M]    1  -0.96105E-02
 CncBalR  [%]    1         4.344
----------------------------------------------------------

----------------------------------------------------------
 Time       [T]        3.8000
----------------------------------------------------------
 Sub-region num.                     1
----------------------------------------------------------
 Length   [L]        0.40000E+02  0.40000E+02
 ConcVol  [M/L2] 1   0.49046E+01  0.49046E+01
 cMean    [M/L3] 1   0.30579E-01  0.30579E-01
 SorbVolIm[M/L2] 1   0.41716E+00  0.41716E+00
 sMeanIm  [-]    1   0.66007E-02  0.66007E-02
 CncBalT  [M]    1  -0.10207E-01
 CncBalR  [%]    1         4.515
----------------------------------------------------------

----------------------------------------------------------
 Time       [T]        4.0000
----------------------------------------------------------
 Sub-region num.                     1
----------------------------------------------------------
 Length   [L]        0.40000E+02  0.40000E+02
 ConcVol  [M/L2] 1   0.48998E+01  0.48998E+01
 cMean    [M/L3] 1   0.30549E-01  0.30549E-01
 SorbVolIm[M/L2] 1   0.42139E+00  0.42139E+00
 sMeanIm  [-]    1   0.66676E-02  0.66676E-02
 CncBalT  [M]    1  -0.10805E-01
 CncBalR  [%]    1         4.681
----------------------------------------------------------

----------------------------------------------------------
 Time       [T]        4.2000
----------------------------------------------------------
 Sub-region num.                     1
----------------------------------------------------------
 Length   [L]        0.40000E+02  0.40000E+02
 ConcVol  [M/L2] 1   0.48950E+01  0.48950E+01
 cMean    [M/L3] 1   0.30518E-01  0.30518E-01
 SorbVolIm[M/L2] 1   0.42563E+00  0.42563E+00
 sMeanIm  [-]    1   0.67346E-02  0.67346E-02
 CncBalT  [M]    1  -0.11405E-01
 CncBalR  [%]    1         4.840
----------------------------------------------------------

----------------------------------------------------------
 Time       [T]        4.4000
----------------------------------------------------------
 Sub-region num.                     1
----------------------------------------------------------
 Length   [L]        0.40000E+02  0.40000E+02
 ConcVol  [M/L2] 1   0.48902E+01  0.48902E+01
 cMean    [M/L3] 1   0.30488E-01  0.30488E-01
 SorbVolIm[M/L2] 1   0.42986E+00  0.42986E+00
 sMeanIm  [-]    1   0.68015E-02  0.68015E-02
 CncBalT  [M]    1  -0.12006E-01
 CncBalR  [%]    1         4.993
----------------------------------------------------------

----------------------------------------------------------
 Time       [T]        4.6000
----------------------------------------------------------
 Sub-region num.                     1
----------------------------------------------------------
 Length   [L]        0.40000E+02  0.40000E+02
 ConcVol  [M/L2] 1   0.48854E+01  0.48854E+01
 cMean    [M/L3] 1   0.30457E-01  0.30457E-01
 SorbVolIm[M/L2] 1   0.43409E+00  0.43409E+00
 sMeanIm  [-]    1   0.68685E-02  0.68685E-02
 CncBalT  [M]    1  -0.12606E-01
 CncBalR  [%]    1         5.140
----------------------------------------------------------

----------------------------------------------------------
 Time       [T]        4.8000
----------------------------------------------------------
 Sub-region num.                     1
----------------------------------------------------------
 Length   [L]        0.40000E+02  0.40000E+02
 ConcVol  [M/L2] 1   0.48805E+01  0.48805E+01
 cMean    [M/L3] 1   0.30426E-01  0.30426E-01
 SorbVolIm[M/L2] 1   0.43829E+00  0.43829E+00
 sMeanIm  [-]    1   0.69349E-02  0.69349E-02
 CncBalT  [M]    1  -0.13320E-01
 CncBalR  [%]    1         5.325
----------------------------------------------------------

----------------------------------------------------------
 Time       [T]        5.0000
----------------------------------------------------------
 Sub-region num.                     1
----------------------------------------------------------
 Length   [L]        0.40000E+02  0.40000E+02
 ConcVol  [M/L2] 1   0.48753E+01  0.48753E+01
 cMean    [M/L3] 1   0.30393E-01  0.30393E-01
 SorbVolIm[M/L2] 1   0.44246E+00  0.44246E+00
 sMeanIm  [-]    1   0.70010E-02  0.70010E-02
 CncBalT  [M]    1  -0.14441E-01
 CncBalR  [%]    1         5.654
----------------------------------------------------------

----------------------------------------------------------
 Time       [T]        5.2000
----------------------------------------------------------
 Sub-region num.                     1
----------------------------------------------------------
 Length   [L]        0.40000E+02  0.40000E+02
 ConcVol  [M/L2] 1   0.48700E+01  0.48700E+01
 cMean    [M/L3] 1   0.30359E-01  0.30359E-01
 SorbVolIm[M/L2] 1   0.44664E+00  0.44664E+00
 sMeanIm  [-]    1   0.70671E-02  0.70671E-02
 CncBalT  [M]    1  -0.15557E-01
 CncBalR  [%]    1         5.968
----------------------------------------------------------

----------------------------------------------------------
 Time       [T]        5.4000
----------------------------------------------------------
 Sub-region num.                     1
----------------------------------------------------------
 Length   [L]        0.40000E+02  0.40000E+02
 ConcVol  [M/L2] 1   0.48648E+01  0.48648E+01
 cMean    [M/L3] 1   0.30326E-01  0.30326E-01
 SorbVolIm[M/L2] 1   0.45081E+00  0.45081E+00
 sMeanIm  [-]    1   0.71331E-02  0.71331E-02
 CncBalT  [M]    1  -0.16644E-01
 CncBalR  [%]    1         6.259
----------------------------------------------------------

----------------------------------------------------------
 Time       [T]        5.6000
----------------------------------------------------------
 Sub-region num.                     1
----------------------------------------------------------
 Length   [L]        0.40000E+02  0.40000E+02
 ConcVol  [M/L2] 1   0.48596E+01  0.48596E+01
 cMean    [M/L3] 1   0.30293E-01  0.30293E-01
 SorbVolIm[M/L2] 1   0.45499E+00  0.45499E+00
 sMeanIm  [-]    1   0.71992E-02  0.71992E-02
 CncBalT  [M]    1  -0.17671E-01
 CncBalR  [%]    1         6.519
----------------------------------------------------------

----------------------------------------------------------
 Time       [T]        5.8000
----------------------------------------------------------
 Sub-region num.                     1
----------------------------------------------------------
 Length   [L]        0.40000E+02  0.40000E+02
 ConcVol  [M/L2] 1   0.48545E+01  0.48545E+01
 cMean    [M/L3] 1   0.30261E-01  0.30261E-01
 SorbVolIm[M/L2] 1   0.45916E+00  0.45916E+00
 sMeanIm  [-]    1   0.72652E-02  0.72652E-02
 CncBalT  [M]    1  -0.18595E-01
 CncBalR  [%]    1         6.734
----------------------------------------------------------

----------------------------------------------------------
 Time       [T]        6.0000
----------------------------------------------------------
 Sub-region num.                     1
----------------------------------------------------------
 Length   [L]        0.40000E+02  0.40000E+02
 ConcVol  [M/L2] 1   0.48495E+01  0.48495E+01
 cMean    [M/L3] 1   0.30229E-01  0.30229E-01
 SorbVolIm[M/L2] 1   0.46332E+00  0.46332E+00
 sMeanIm  [-]    1   0.73310E-02  0.73310E-02
 CncBalT  [M]    1  -0.19479E-01
 CncBalR  [%]    1         6.928
----------------------------------------------------------

----------------------------------------------------------
 Time       [T]        6.2000
----------------------------------------------------------
 Sub-region num.                     1
----------------------------------------------------------
 Length   [L]        0.40000E+02  0.40000E+02
 ConcVol  [M/L2] 1   0.48445E+01  0.48445E+01
 cMean    [M/L3] 1   0.30197E-01  0.30197E-01
 SorbVolIm[M/L2] 1   0.46744E+00  0.46744E+00
 sMeanIm  [-]    1   0.73962E-02  0.73962E-02
 CncBalT  [M]    1  -0.20378E-01
 CncBalR  [%]    1         7.122
----------------------------------------------------------

----------------------------------------------------------
 Time       [T]        6.4000
----------------------------------------------------------
 Sub-region num.                     1
----------------------------------------------------------
 Length   [L]        0.40000E+02  0.40000E+02
 ConcVol  [M/L2] 1   0.48396E+01  0.48396E+01
 cMean    [M/L3] 1   0.30166E-01  0.30166E-01
 SorbVolIm[M/L2] 1   0.47156E+00  0.47156E+00
 sMeanIm  [-]    1   0.74614E-02  0.74614E-02
 CncBalT  [M]    1  -0.21257E-01
 CncBalR  [%]    1         7.302
----------------------------------------------------------

----------------------------------------------------------
 Time       [T]        6.6000
----------------------------------------------------------
 Sub-region num.                     1
----------------------------------------------------------
 Length   [L]        0.40000E+02  0.40000E+02
 ConcVol  [M/L2] 1   0.48346E+01  0.48346E+01
 cMean    [M/L3] 1   0.30134E-01  0.30134E-01
 SorbVolIm[M/L2] 1   0.47568E+00  0.47568E+00
 sMeanIm  [-]    1   0.75265E-02  0.75265E-02
 CncBalT  [M]    1  -0.22120E-01
 CncBalR  [%]    1         7.472
----------------------------------------------------------

----------------------------------------------------------
 Time       [T]        6.8000
----------------------------------------------------------
 Sub-region num.                     1
----------------------------------------------------------
 Length   [L]        0.40000E+02  0.40000E+02
 ConcVol  [M/L2] 1   0.48297E+01  0.48297E+01
 cMean    [M/L3] 1   0.30103E-01  0.30103E-01
 SorbVolIm[M/L2] 1   0.47980E+00  0.47980E+00
 sMeanIm  [-]    1   0.75917E-02  0.75917E-02
 CncBalT  [M]    1  -0.22968E-01
 CncBalR  [%]    1         7.631
----------------------------------------------------------

----------------------------------------------------------
 Time       [T]        7.0000
----------------------------------------------------------
 Sub-region num.                     1
----------------------------------------------------------
 Length   [L]        0.40000E+02  0.40000E+02
 ConcVol  [M/L2] 1   0.48248E+01  0.48248E+01
 cMean    [M/L3] 1   0.30072E-01  0.30072E-01
 SorbVolIm[M/L2] 1   0.48391E+00  0.48391E+00
 sMeanIm  [-]    1   0.76569E-02  0.76569E-02
 CncBalT  [M]    1  -0.23797E-01
 CncBalR  [%]    1         7.779
----------------------------------------------------------

----------------------------------------------------------
 Time       [T]        7.2000
----------------------------------------------------------
 Sub-region num.                     1
----------------------------------------------------------
 Length   [L]        0.40000E+02  0.40000E+02
 ConcVol  [M/L2] 1   0.48199E+01  0.48199E+01
 cMean    [M/L3] 1   0.30041E-01  0.30041E-01
 SorbVolIm[M/L2] 1   0.48803E+00  0.48803E+00
 sMeanIm  [-]    1   0.77220E-02  0.77220E-02
 CncBalT  [M]    1  -0.24544E-01
 CncBalR  [%]    1         7.898
----------------------------------------------------------

----------------------------------------------------------
 Time       [T]        7.4000
----------------------------------------------------------
 Sub-region num.                     1
----------------------------------------------------------
 Length   [L]        0.40000E+02  0.40000E+02
 ConcVol  [M/L2] 1   0.48152E+01  0.48152E+01
 cMean    [M/L3] 1   0.30011E-01  0.30011E-01
 SorbVolIm[M/L2] 1   0.49214E+00  0.49214E+00
 sMeanIm  [-]    1   0.77870E-02  0.77870E-02
 CncBalT  [M]    1  -0.25233E-01
 CncBalR  [%]    1         7.997
----------------------------------------------------------

----------------------------------------------------------
 Time       [T]        7.6000
----------------------------------------------------------
 Sub-region num.                     1
----------------------------------------------------------
 Length   [L]        0.40000E+02  0.40000E+02
 ConcVol  [M/L2] 1   0.48105E+01  0.48105E+01
 cMean    [M/L3] 1   0.29981E-01  0.29981E-01
 SorbVolIm[M/L2] 1   0.49626E+00  0.49626E+00
 sMeanIm  [-]    1   0.78522E-02  0.78522E-02
 CncBalT  [M]    1  -0.25833E-01
 CncBalR  [%]    1         8.068
----------------------------------------------------------

----------------------------------------------------------
 Time       [T]        7.8000
----------------------------------------------------------
 Sub-region num.                     1
----------------------------------------------------------
 Length   [L]        0.40000E+02  0.40000E+02
 ConcVol  [M/L2] 1   0.48059E+01  0.48059E+01
 cMean    [M/L3] 1   0.29952E-01  0.29952E-01
 SorbVolIm[M/L2] 1   0.50038E+00  0.50038E+00
 sMeanIm  [-]    1   0.79174E-02  0.79174E-02
 CncBalT  [M]    1  -0.26359E-01
 CncBalR  [%]    1         8.115
----------------------------------------------------------

----------------------------------------------------------
 Time       [T]        8.0000
----------------------------------------------------------
 Sub-region num.                     1
----------------------------------------------------------
 Length   [L]        0.40000E+02  0.40000E+02
 ConcVol  [M/L2] 1   0.48013E+01  0.48013E+01
 cMean    [M/L3] 1   0.29922E-01  0.29922E-01
 SorbVolIm[M/L2] 1   0.50443E+00  0.50443E+00
 sMeanIm  [-]    1   0.79816E-02  0.79816E-02
 CncBalT  [M]    1  -0.26936E-01
 CncBalR  [%]    1         8.177
----------------------------------------------------------

----------------------------------------------------------
 Time       [T]        8.2000
----------------------------------------------------------
 Sub-region num.                     1
----------------------------------------------------------
 Length   [L]        0.40000E+02  0.40000E+02
 ConcVol  [M/L2] 1   0.47967E+01  0.47967E+01
 cMean    [M/L3] 1   0.29893E-01  0.29893E-01
 SorbVolIm[M/L2] 1   0.50845E+00  0.50845E+00
 sMeanIm  [-]    1   0.80450E-02  0.80450E-02
 CncBalT  [M]    1  -0.27558E-01
 CncBalR  [%]    1         8.250
----------------------------------------------------------

----------------------------------------------------------
 Time       [T]        8.4000
----------------------------------------------------------
 Sub-region num.                     1
----------------------------------------------------------
 Length   [L]        0.40000E+02  0.40000E+02
 ConcVol  [M/L2] 1   0.47921E+01  0.47921E+01
 cMean    [M/L3] 1   0.29864E-01  0.29864E-01
 SorbVolIm[M/L2] 1   0.51246E+00  0.51246E+00
 sMeanIm  [-]    1   0.81085E-02  0.81085E-02
 CncBalT  [M]    1  -0.28179E-01
 CncBalR  [%]    1         8.322
----------------------------------------------------------

----------------------------------------------------------
 Time       [T]        8.6000
----------------------------------------------------------
 Sub-region num.                     1
----------------------------------------------------------
 Length   [L]        0.40000E+02  0.40000E+02
 ConcVol  [M/L2] 1   0.47875E+01  0.47875E+01
 cMean    [M/L3] 1   0.29835E-01  0.29835E-01
 SorbVolIm[M/L2] 1   0.51647E+00  0.51647E+00
 sMeanIm  [-]    1   0.81719E-02  0.81719E-02
 CncBalT  [M]    1  -0.28802E-01
 CncBalR  [%]    1         8.391
----------------------------------------------------------

----------------------------------------------------------
 Time       [T]        8.8000
----------------------------------------------------------
 Sub-region num.                     1
----------------------------------------------------------
 Length   [L]        0.40000E+02  0.40000E+02
 ConcVol  [M/L2] 1   0.47828E+01  0.47828E+01
 cMean    [M/L3] 1   0.29805E-01  0.29805E-01
 SorbVolIm[M/L2] 1   0.52047E+00  0.52047E+00
 sMeanIm  [-]    1   0.82353E-02  0.82353E-02
 CncBalT  [M]    1  -0.29428E-01
 CncBalR  [%]    1         8.460
----------------------------------------------------------

----------------------------------------------------------
 Time       [T]        9.0000
----------------------------------------------------------
 Sub-region num.                     1
----------------------------------------------------------
 Length   [L]        0.40000E+02  0.40000E+02
 ConcVol  [M/L2] 1   0.47782E+01  0.47782E+01
 cMean    [M/L3] 1   0.29776E-01  0.29776E-01
 SorbVolIm[M/L2] 1   0.52448E+00  0.52448E+00
 sMeanIm  [-]    1   0.82987E-02  0.82987E-02
 CncBalT  [M]    1  -0.30056E-01
 CncBalR  [%]    1         8.528
----------------------------------------------------------

----------------------------------------------------------
 Time       [T]        9.2000
----------------------------------------------------------
 Sub-region num.                     1
----------------------------------------------------------
 Length   [L]        0.40000E+02  0.40000E+02
 ConcVol  [M/L2] 1   0.47736E+01  0.47736E+01
 cMean    [M/L3] 1   0.29747E-01  0.29747E-01
 SorbVolIm[M/L2] 1   0.52848E+00  0.52848E+00
 sMeanIm  [-]    1   0.83620E-02  0.83620E-02
 CncBalT  [M]    1  -0.30687E-01
 CncBalR  [%]    1         8.595
----------------------------------------------------------

----------------------------------------------------------
 Time       [T]        9.4000
----------------------------------------------------------
 Sub-region num.                     1
----------------------------------------------------------
 Length   [L]        0.40000E+02  0.40000E+02
 ConcVol  [M/L2] 1   0.47690E+01  0.47690E+01
 cMean    [M/L3] 1   0.29718E-01  0.29718E-01
 SorbVolIm[M/L2] 1   0.53248E+00  0.53248E+00
 sMeanIm  [-]    1   0.84254E-02  0.84254E-02
 CncBalT  [M]    1  -0.31317E-01
 CncBalR  [%]    1         8.660
----------------------------------------------------------

----------------------------------------------------------
 Time       [T]        9.6000
----------------------------------------------------------
 Sub-region num.                     1
----------------------------------------------------------
 Length   [L]        0.40000E+02  0.40000E+02
 ConcVol  [M/L2] 1   0.47644E+01  0.47644E+01
 cMean    [M/L3] 1   0.29688E-01  0.29688E-01
 SorbVolIm[M/L2] 1   0.53649E+00  0.53649E+00
 sMeanIm  [-]    1   0.84887E-02  0.84887E-02
 CncBalT  [M]    1  -0.31947E-01
 CncBalR  [%]    1         8.723
----------------------------------------------------------

----------------------------------------------------------
 Time       [T]        9.8000
----------------------------------------------------------
 Sub-region num.                     1
----------------------------------------------------------
 Length   [L]        0.40000E+02  0.40000E+02
 ConcVol  [M/L2] 1   0.47598E+01  0.47598E+01
 cMean    [M/L3] 1   0.29659E-01  0.29659E-01
 SorbVolIm[M/L2] 1   0.54049E+00  0.54049E+00
 sMeanIm  [-]    1   0.85521E-02  0.85521E-02
 CncBalT  [M]    1  -0.32578E-01
 CncBalR  [%]    1         8.785
----------------------------------------------------------

----------------------------------------------------------
 Time       [T]       10.0000
----------------------------------------------------------
 Sub-region num.                     1
----------------------------------------------------------
 Length   [L]        0.40000E+02  0.40000E+02
 ConcVol  [M/L2] 1   0.47552E+01  0.47552E+01
 cMean    [M/L3] 1   0.29630E-01  0.29630E-01
 SorbVolIm[M/L2] 1   0.54450E+00  0.54450E+00
 sMeanIm  [-]    1   0.86154E-02  0.86154E-02
 CncBalT  [M]    1  -0.33208E-01
 CncBalR  [%]    1         8.845
----------------------------------------------------------

----------------------------------------------------------
 Time       [T]       10.2000
----------------------------------------------------------
 Sub-region num.                     1
----------------------------------------------------------
 Length   [L]        0.40000E+02  0.40000E+02
 ConcVol  [M/L2] 1   0.47506E+01  0.47506E+01
 cMean    [M/L3] 1   0.29601E-01  0.29601E-01
 SorbVolIm[M/L2] 1   0.54850E+00  0.54850E+00
 sMeanIm  [-]    1   0.86788E-02  0.86788E-02
 CncBalT  [M]    1  -0.33841E-01
 CncBalR  [%]    1         8.904
----------------------------------------------------------

----------------------------------------------------------
 Time       [T]       10.4000
----------------------------------------------------------
 Sub-region num.                     1
----------------------------------------------------------
 Length   [L]        0.40000E+02  0.40000E+02
 ConcVol  [M/L2] 1   0.47460E+01  0.47460E+01
 cMean    [M/L3] 1   0.29571E-01  0.29571E-01
 SorbVolIm[M/L2] 1   0.55250E+00  0.55250E+00
 sMeanIm  [-]    1   0.87421E-02  0.87421E-02
 CncBalT  [M]    1  -0.34473E-01
 CncBalR  [%]    1         8.962
----------------------------------------------------------

----------------------------------------------------------
 Time       [T]       10.6000
----------------------------------------------------------
 Sub-region num.                     1
----------------------------------------------------------
 Length   [L]        0.40000E+02  0.40000E+02
 ConcVol  [M/L2] 1   0.47414E+01  0.47414E+01
 cMean    [M/L3] 1   0.29542E-01  0.29542E-01
 SorbVolIm[M/L2] 1   0.55651E+00  0.55651E+00
 sMeanIm  [-]    1   0.88055E-02  0.88055E-02
 CncBalT  [M]    1  -0.35105E-01
 CncBalR  [%]    1         9.018
----------------------------------------------------------

----------------------------------------------------------
 Time       [T]       10.8000
----------------------------------------------------------
 Sub-region num.                     1
----------------------------------------------------------
 Length   [L]        0.40000E+02  0.40000E+02
 ConcVol  [M/L2] 1   0.47368E+01  0.47368E+01
 cMean    [M/L3] 1   0.29513E-01  0.29513E-01
 SorbVolIm[M/L2] 1   0.56041E+00  0.56041E+00
 sMeanIm  [-]    1   0.88672E-02  0.88672E-02
 CncBalT  [M]    1  -0.35844E-01
 CncBalR  [%]    1         9.100
----------------------------------------------------------

----------------------------------------------------------
 Time       [T]       11.0000
----------------------------------------------------------
 Sub-region num.                     1
----------------------------------------------------------
 Length   [L]        0.40000E+02  0.40000E+02
 ConcVol  [M/L2] 1   0.47322E+01  0.47322E+01
 cMean    [M/L3] 1   0.29484E-01  0.29484E-01
 SorbVolIm[M/L2] 1   0.56430E+00  0.56430E+00
 sMeanIm  [-]    1   0.89288E-02  0.89288E-02
 CncBalT  [M]    1  -0.36585E-01
 CncBalR  [%]    1         9.181
----------------------------------------------------------

----------------------------------------------------------
 Time       [T]       11.2000
----------------------------------------------------------
 Sub-region num.                     1
----------------------------------------------------------
 Length   [L]        0.40000E+02  0.40000E+02
 ConcVol  [M/L2] 1   0.47276E+01  0.47276E+01
 cMean    [M/L3] 1   0.29454E-01  0.29454E-01
 SorbVolIm[M/L2] 1   0.56820E+00  0.56820E+00
 sMeanIm  [-]    1   0.89905E-02  0.89905E-02
 CncBalT  [M]    1  -0.37327E-01
 CncBalR  [%]    1         9.260
----------------------------------------------------------

----------------------------------------------------------
 Time       [T]       11.4000
----------------------------------------------------------
 Sub-region num.                     1
----------------------------------------------------------
 Length   [L]        0.40000E+02  0.40000E+02
 ConcVol  [M/L2] 1   0.47230E+01  0.47230E+01
 cMean    [M/L3] 1   0.29425E-01  0.29425E-01
 SorbVolIm[M/L2] 1   0.57209E+00  0.57209E+00
 sMeanIm  [-]    1   0.90521E-02  0.90521E-02
 CncBalT  [M]    1  -0.38069E-01
 CncBalR  [%]    1         9.337
----------------------------------------------------------

----------------------------------------------------------
 Time       [T]       11.6000
----------------------------------------------------------
 Sub-region num.                     1
----------------------------------------------------------
 Length   [L]        0.40000E+02  0.40000E+02
 ConcVol  [M/L2] 1   0.47184E+01  0.47184E+01
 cMean    [M/L3] 1   0.29396E-01  0.29396E-01
 SorbVolIm[M/L2] 1   0.57599E+00  0.57599E+00
 sMeanIm  [-]    1   0.91137E-02  0.91137E-02
 CncBalT  [M]    1  -0.38812E-01
 CncBalR  [%]    1         9.413
----------------------------------------------------------

----------------------------------------------------------
 Time       [T]       11.8000
----------------------------------------------------------
 Sub-region num.                     1
----------------------------------------------------------
 Length   [L]        0.40000E+02  0.40000E+02
 ConcVol  [M/L2] 1   0.47138E+01  0.47138E+01
 cMean    [M/L3] 1   0.29367E-01  0.29367E-01
 SorbVolIm[M/L2] 1   0.57988E+00  0.57988E+00
 sMeanIm  [-]    1   0.91754E-02  0.91754E-02
 CncBalT  [M]    1  -0.39556E-01
 CncBalR  [%]    1         9.487
----------------------------------------------------------

----------------------------------------------------------
 Time       [T]       12.0000
----------------------------------------------------------
 Sub-region num.                     1
----------------------------------------------------------
 Length   [L]        0.40000E+02  0.40000E+02
 ConcVol  [M/L2] 1   0.47091E+01  0.47091E+01
 cMean    [M/L3] 1   0.29337E-01  0.29337E-01
 SorbVolIm[M/L2] 1   0.58377E+00  0.58377E+00
 sMeanIm  [-]    1   0.92369E-02  0.92369E-02
 CncBalT  [M]    1  -0.40305E-01
 CncBalR  [%]    1         9.562
----------------------------------------------------------

----------------------------------------------------------
 Time       [T]       12.2000
----------------------------------------------------------
 Sub-region num.                     1
----------------------------------------------------------
 Length   [L]        0.40000E+02  0.40000E+02
 ConcVol  [M/L2] 1   0.47045E+01  0.47045E+01
 cMean    [M/L3] 1   0.29308E-01  0.29308E-01
 SorbVolIm[M/L2] 1   0.58766E+00  0.58766E+00
 sMeanIm  [-]    1   0.92984E-02  0.92984E-02
 CncBalT  [M]    1  -0.41055E-01
 CncBalR  [%]    1         9.634
----------------------------------------------------------

----------------------------------------------------------
 Time       [T]       12.4000
----------------------------------------------------------
 Sub-region num.                     1
----------------------------------------------------------
 Length   [L]        0.40000E+02  0.40000E+02
 ConcVol  [M/L2] 1   0.46999E+01  0.46999E+01
 cMean    [M/L3] 1   0.29279E-01  0.29279E-01
 SorbVolIm[M/L2] 1   0.59155E+00  0.59155E+00
 sMeanIm  [-]    1   0.93600E-02  0.93600E-02
 CncBalT  [M]    1  -0.41805E-01
 CncBalR  [%]    1         9.705
----------------------------------------------------------

----------------------------------------------------------
 Time       [T]       12.6000
----------------------------------------------------------
 Sub-region num.                     1
----------------------------------------------------------
 Length   [L]        0.40000E+02  0.40000E+02
 ConcVol  [M/L2] 1   0.46953E+01  0.46953E+01
 cMean    [M/L3] 1   0.29249E-01  0.29249E-01
 SorbVolIm[M/L2] 1   0.59544E+00  0.59544E+00
 sMeanIm  [-]    1   0.94215E-02  0.94215E-02
 CncBalT  [M]    1  -0.42555E-01
 CncBalR  [%]    1         9.775
----------------------------------------------------------

----------------------------------------------------------
 Time       [T]       12.8000
----------------------------------------------------------
 Sub-region num.                     1
----------------------------------------------------------
 Length   [L]        0.40000E+02  0.40000E+02
 ConcVol  [M/L2] 1   0.46907E+01  0.46907E+01
 cMean    [M/L3] 1   0.29220E-01  0.29220E-01
 SorbVolIm[M/L2] 1   0.59933E+00  0.59933E+00
 sMeanIm  [-]    1   0.94831E-02  0.94831E-02
 CncBalT  [M]    1  -0.43306E-01
 CncBalR  [%]    1         9.843
----------------------------------------------------------

----------------------------------------------------------
 Time       [T]       13.0000
----------------------------------------------------------
 Sub-region num.                     1
----------------------------------------------------------
 Length   [L]        0.40000E+02  0.40000E+02
 ConcVol  [M/L2] 1   0.46861E+01  0.46861E+01
 cMean    [M/L3] 1   0.29191E-01  0.29191E-01
 SorbVolIm[M/L2] 1   0.60322E+00  0.60322E+00
 sMeanIm  [-]    1   0.95446E-02  0.95446E-02
 CncBalT  [M]    1  -0.44058E-01
 CncBalR  [%]    1         9.910
----------------------------------------------------------

----------------------------------------------------------
 Time       [T]       13.2000
----------------------------------------------------------
 Sub-region num.                     1
----------------------------------------------------------
 Length   [L]        0.40000E+02  0.40000E+02
 ConcVol  [M/L2] 1   0.46815E+01  0.46815E+01
 cMean    [M/L3] 1   0.29162E-01  0.29162E-01
 SorbVolIm[M/L2] 1   0.60711E+00  0.60711E+00
 sMeanIm  [-]    1   0.96061E-02  0.96061E-02
 CncBalT  [M]    1  -0.44809E-01
 CncBalR  [%]    1         9.975
----------------------------------------------------------

----------------------------------------------------------
 Time       [T]       13.4000
----------------------------------------------------------
 Sub-region num.                     1
----------------------------------------------------------
 Length   [L]        0.40000E+02  0.40000E+02
 ConcVol  [M/L2] 1   0.46769E+01  0.46769E+01
 cMean    [M/L3] 1   0.29132E-01  0.29132E-01
 SorbVolIm[M/L2] 1   0.61097E+00  0.61097E+00
 sMeanIm  [-]    1   0.96673E-02  0.96673E-02
 CncBalT  [M]    1  -0.45584E-01
 CncBalR  [%]    1        10.045
----------------------------------------------------------

----------------------------------------------------------
 Time       [T]       13.6000
----------------------------------------------------------
 Sub-region num.                     1
----------------------------------------------------------
 Length   [L]        0.40000E+02  0.40000E+02
 ConcVol  [M/L2] 1   0.46723E+01  0.46723E+01
 cMean    [M/L3] 1   0.29103E-01  0.29103E-01
 SorbVolIm[M/L2] 1   0.61475E+00  0.61475E+00
 sMeanIm  [-]    1   0.97271E-02  0.97271E-02
 CncBalT  [M]    1  -0.46445E-01
 CncBalR  [%]    1        10.132
----------------------------------------------------------

----------------------------------------------------------
 Time       [T]       13.8000
----------------------------------------------------------
 Sub-region num.                     1
----------------------------------------------------------
 Length   [L]        0.40000E+02  0.40000E+02
 ConcVol  [M/L2] 1   0.46677E+01  0.46677E+01
 cMean    [M/L3] 1   0.29074E-01  0.29074E-01
 SorbVolIm[M/L2] 1   0.61854E+00  0.61854E+00
 sMeanIm  [-]    1   0.97870E-02  0.97870E-02
 CncBalT  [M]    1  -0.47306E-01
 CncBalR  [%]    1        10.217
----------------------------------------------------------

----------------------------------------------------------
 Time       [T]       14.0000
----------------------------------------------------------
 Sub-region num.                     1
----------------------------------------------------------
 Length   [L]        0.40000E+02  0.40000E+02
 ConcVol  [M/L2] 1   0.46630E+01  0.46630E+01
 cMean    [M/L3] 1   0.29045E-01  0.29045E-01
 SorbVolIm[M/L2] 1   0.62232E+00  0.62232E+00
 sMeanIm  [-]    1   0.98468E-02  0.98468E-02
 CncBalT  [M]    1  -0.48169E-01
 CncBalR  [%]    1        10.300
----------------------------------------------------------

----------------------------------------------------------
 Time       [T]       14.2000
----------------------------------------------------------
 Sub-region num.                     1
----------------------------------------------------------
 Length   [L]        0.40000E+02  0.40000E+02
 ConcVol  [M/L2] 1   0.46584E+01  0.46584E+01
 cMean    [M/L3] 1   0.29015E-01  0.29015E-01
 SorbVolIm[M/L2] 1   0.62610E+00  0.62610E+00
 sMeanIm  [-]    1   0.99066E-02  0.99066E-02
 CncBalT  [M]    1  -0.49030E-01
 CncBalR  [%]    1        10.382
----------------------------------------------------------

----------------------------------------------------------
 Time       [T]       14.4000
----------------------------------------------------------
 Sub-region num.                     1
----------------------------------------------------------
 Length   [L]        0.40000E+02  0.40000E+02
 ConcVol  [M/L2] 1   0.46538E+01  0.46538E+01
 cMean    [M/L3] 1   0.28986E-01  0.28986E-01
 SorbVolIm[M/L2] 1   0.62988E+00  0.62988E+00
 sMeanIm  [-]    1   0.99664E-02  0.99664E-02
 CncBalT  [M]    1  -0.49892E-01
 CncBalR  [%]    1        10.462
----------------------------------------------------------

----------------------------------------------------------
 Time       [T]       14.6000
----------------------------------------------------------
 Sub-region num.                     1
----------------------------------------------------------
 Length   [L]        0.40000E+02  0.40000E+02
 ConcVol  [M/L2] 1   0.46492E+01  0.46492E+01
 cMean    [M/L3] 1   0.28957E-01  0.28957E-01
 SorbVolIm[M/L2] 1   0.63366E+00  0.63366E+00
 sMeanIm  [-]    1   0.10026E-01  0.10026E-01
 CncBalT  [M]    1  -0.50755E-01
 CncBalR  [%]    1        10.541
----------------------------------------------------------

----------------------------------------------------------
 Time       [T]       14.8000
----------------------------------------------------------
 Sub-region num.                     1
----------------------------------------------------------
 Length   [L]        0.40000E+02  0.40000E+02
 ConcVol  [M/L2] 1   0.46446E+01  0.46446E+01
 cMean    [M/L3] 1   0.28927E-01  0.28927E-01
 SorbVolIm[M/L2] 1   0.63744E+00  0.63744E+00
 sMeanIm  [-]    1   0.10086E-01  0.10086E-01
 CncBalT  [M]    1  -0.51618E-01
 CncBalR  [%]    1        10.619
----------------------------------------------------------

----------------------------------------------------------
 Time       [T]       15.0000
----------------------------------------------------------
 Sub-region num.                     1
----------------------------------------------------------
 Length   [L]        0.40000E+02  0.40000E+02
 ConcVol  [M/L2] 1   0.46400E+01  0.46400E+01
 cMean    [M/L3] 1   0.28898E-01  0.28898E-01
 SorbVolIm[M/L2] 1   0.64122E+00  0.64122E+00
 sMeanIm  [-]    1   0.10146E-01  0.10146E-01
 CncBalT  [M]    1  -0.52485E-01
 CncBalR  [%]    1        10.696
----------------------------------------------------------

----------------------------------------------------------
 Time       [T]       15.2000
----------------------------------------------------------
 Sub-region num.                     1
----------------------------------------------------------
 Length   [L]        0.40000E+02  0.40000E+02
 ConcVol  [M/L2] 1   0.46354E+01  0.46354E+01
 cMean    [M/L3] 1   0.28869E-01  0.28869E-01
 SorbVolIm[M/L2] 1   0.64499E+00  0.64499E+00
 sMeanIm  [-]    1   0.10206E-01  0.10206E-01
 CncBalT  [M]    1  -0.53355E-01
 CncBalR  [%]    1        10.772
----------------------------------------------------------

----------------------------------------------------------
 Time       [T]       15.4000
----------------------------------------------------------
 Sub-region num.                     1
----------------------------------------------------------
 Length   [L]        0.40000E+02  0.40000E+02
 ConcVol  [M/L2] 1   0.46307E+01  0.46307E+01
 cMean    [M/L3] 1   0.28839E-01  0.28839E-01
 SorbVolIm[M/L2] 1   0.64877E+00  0.64877E+00
 sMeanIm  [-]    1   0.10265E-01  0.10265E-01
 CncBalT  [M]    1  -0.54224E-01
 CncBalR  [%]    1        10.846
----------------------------------------------------------

----------------------------------------------------------
 Time       [T]       15.6000
----------------------------------------------------------
 Sub-region num.                     1
----------------------------------------------------------
 Length   [L]        0.40000E+02  0.40000E+02
 ConcVol  [M/L2] 1   0.46261E+01  0.46261E+01
 cMean    [M/L3] 1   0.28810E-01  0.28810E-01
 SorbVolIm[M/L2] 1   0.65254E+00  0.65254E+00
 sMeanIm  [-]    1   0.10325E-01  0.10325E-01
 CncBalT  [M]    1  -0.55084E-01
 CncBalR  [%]    1        10.918
----------------------------------------------------------

----------------------------------------------------------
 Time       [T]       15.8000
----------------------------------------------------------
 Sub-region num.                     1
----------------------------------------------------------
 Length   [L]        0.40000E+02  0.40000E+02
 ConcVol  [M/L2] 1   0.46216E+01  0.46216E+01
 cMean    [M/L3] 1   0.28781E-01  0.28781E-01
 SorbVolIm[M/L2] 1   0.65632E+00  0.65632E+00
 sMeanIm  [-]    1   0.10385E-01  0.10385E-01
 CncBalT  [M]    1  -0.55916E-01
 CncBalR  [%]    1        10.983
----------------------------------------------------------

----------------------------------------------------------
 Time       [T]       16.0000
----------------------------------------------------------
 Sub-region num.                     1
----------------------------------------------------------
 Length   [L]        0.40000E+02  0.40000E+02
 ConcVol  [M/L2] 1   0.46170E+01  0.46170E+01
 cMean    [M/L3] 1   0.28752E-01  0.28752E-01
 SorbVolIm[M/L2] 1   0.66009E+00  0.66009E+00
 sMeanIm  [-]    1   0.10444E-01  0.10444E-01
 CncBalT  [M]    1  -0.56737E-01
 CncBalR  [%]    1        11.045
----------------------------------------------------------

----------------------------------------------------------
 Time       [T]       16.2000
----------------------------------------------------------
 Sub-region num.                     1
----------------------------------------------------------
 Length   [L]        0.40000E+02  0.40000E+02
 ConcVol  [M/L2] 1   0.46124E+01  0.46124E+01
 cMean    [M/L3] 1   0.28723E-01  0.28723E-01
 SorbVolIm[M/L2] 1   0.66384E+00  0.66384E+00
 sMeanIm  [-]    1   0.10504E-01  0.10504E-01
 CncBalT  [M]    1  -0.57592E-01
 CncBalR  [%]    1        11.112
----------------------------------------------------------

----------------------------------------------------------
 Time       [T]       16.4000
----------------------------------------------------------
 Sub-region num.                     1
----------------------------------------------------------
 Length   [L]        0.40000E+02  0.40000E+02
 ConcVol  [M/L2] 1   0.46079E+01  0.46079E+01
 cMean    [M/L3] 1   0.28694E-01  0.28694E-01
 SorbVolIm[M/L2] 1   0.66751E+00  0.66751E+00
 sMeanIm  [-]    1   0.10562E-01  0.10562E-01
 CncBalT  [M]    1  -0.58523E-01
 CncBalR  [%]    1        11.193
----------------------------------------------------------

----------------------------------------------------------
 Time       [T]       16.6000
----------------------------------------------------------
 Sub-region num.                     1
----------------------------------------------------------
 Length   [L]        0.40000E+02  0.40000E+02
 ConcVol  [M/L2] 1   0.46033E+01  0.46033E+01
 cMean    [M/L3] 1   0.28665E-01  0.28665E-01
 SorbVolIm[M/L2] 1   0.67117E+00  0.67117E+00
 sMeanIm  [-]    1   0.10620E-01  0.10620E-01
 CncBalT  [M]    1  -0.59404E-01
 CncBalR  [%]    1        11.265
----------------------------------------------------------

----------------------------------------------------------
 Time       [T]       16.8000
----------------------------------------------------------
 Sub-region num.                     1
----------------------------------------------------------
 Length   [L]        0.40000E+02  0.40000E+02
 ConcVol  [M/L2] 1   0.45988E+01  0.45988E+01
 cMean    [M/L3] 1   0.28637E-01  0.28637E-01
 SorbVolIm[M/L2] 1   0.67484E+00  0.67484E+00
 sMeanIm  [-]    1   0.10678E-01  0.10678E-01
 CncBalT  [M]    1  -0.60295E-01
 CncBalR  [%]    1        11.336
----------------------------------------------------------

----------------------------------------------------------
 Time       [T]       17.0000
----------------------------------------------------------
 Sub-region num.                     1
----------------------------------------------------------
 Length   [L]        0.40000E+02  0.40000E+02
 ConcVol  [M/L2] 1   0.45943E+01  0.45943E+01
 cMean    [M/L3] 1   0.28608E-01  0.28608E-01
 SorbVolIm[M/L2] 1   0.67851E+00  0.67851E+00
 sMeanIm  [-]    1   0.10736E-01  0.10736E-01
 CncBalT  [M]    1  -0.61175E-01
 CncBalR  [%]    1        11.405
----------------------------------------------------------

----------------------------------------------------------
 Time       [T]       17.2000
----------------------------------------------------------
 Sub-region num.                     1
----------------------------------------------------------
 Length   [L]        0.40000E+02  0.40000E+02
 ConcVol  [M/L2] 1   0.45898E+01  0.45898E+01
 cMean    [M/L3] 1   0.28580E-01  0.28580E-01
 SorbVolIm[M/L2] 1   0.68217E+00  0.68217E+00
 sMeanIm  [-]    1   0.10794E-01  0.10794E-01
 CncBalT  [M]    1  -0.62025E-01
 CncBalR  [%]    1        11.467
----------------------------------------------------------

----------------------------------------------------------
 Time       [T]       17.4000
----------------------------------------------------------
 Sub-region num.                     1
----------------------------------------------------------
 Length   [L]        0.40000E+02  0.40000E+02
 ConcVol  [M/L2] 1   0.45853E+01  0.45853E+01
 cMean    [M/L3] 1   0.28551E-01  0.28551E-01
 SorbVolIm[M/L2] 1   0.68584E+00  0.68584E+00
 sMeanIm  [-]    1   0.10852E-01  0.10852E-01
 CncBalT  [M]    1  -0.62864E-01
 CncBalR  [%]    1        11.527
----------------------------------------------------------

----------------------------------------------------------
 Time       [T]       17.6000
----------------------------------------------------------
 Sub-region num.                     1
----------------------------------------------------------
 Length   [L]        0.40000E+02  0.40000E+02
 ConcVol  [M/L2] 1   0.45809E+01  0.45809E+01
 cMean    [M/L3] 1   0.28523E-01  0.28523E-01
 SorbVolIm[M/L2] 1   0.68950E+00  0.68950E+00
 sMeanIm  [-]    1   0.10910E-01  0.10910E-01
 CncBalT  [M]    1  -0.63702E-01
 CncBalR  [%]    1        11.586
----------------------------------------------------------

----------------------------------------------------------
 Time       [T]       17.8000
----------------------------------------------------------
 Sub-region num.                     1
----------------------------------------------------------
 Length   [L]        0.40000E+02  0.40000E+02
 ConcVol  [M/L2] 1   0.45764E+01  0.45764E+01
 cMean    [M/L3] 1   0.28494E-01  0.28494E-01
 SorbVolIm[M/L2] 1   0.69317E+00  0.69317E+00
 sMeanIm  [-]    1   0.10968E-01  0.10968E-01
 CncBalT  [M]    1  -0.64537E-01
 CncBalR  [%]    1        11.643
----------------------------------------------------------

----------------------------------------------------------
 Time       [T]       18.0000
----------------------------------------------------------
 Sub-region num.                     1
----------------------------------------------------------
 Length   [L]        0.40000E+02  0.40000E+02
 ConcVol  [M/L2] 1   0.45719E+01  0.45719E+01
 cMean    [M/L3] 1   0.28466E-01  0.28466E-01
 SorbVolIm[M/L2] 1   0.69684E+00  0.69684E+00
 sMeanIm  [-]    1   0.11026E-01  0.11026E-01
 CncBalT  [M]    1  -0.65373E-01
 CncBalR  [%]    1        11.699
----------------------------------------------------------

----------------------------------------------------------
 Time       [T]       18.2000
----------------------------------------------------------
 Sub-region num.                     1
----------------------------------------------------------
 Length   [L]        0.40000E+02  0.40000E+02
 ConcVol  [M/L2] 1   0.45674E+01  0.45674E+01
 cMean    [M/L3] 1   0.28438E-01  0.28438E-01
 SorbVolIm[M/L2] 1   0.70050E+00  0.70050E+00
 sMeanIm  [-]    1   0.11084E-01  0.11084E-01
 CncBalT  [M]    1  -0.66208E-01
 CncBalR  [%]    1        11.755
----------------------------------------------------------

----------------------------------------------------------
 Time       [T]       18.4000
----------------------------------------------------------
 Sub-region num.                     1
----------------------------------------------------------
 Length   [L]        0.40000E+02  0.40000E+02
 ConcVol  [M/L2] 1   0.45630E+01  0.45630E+01
 cMean    [M/L3] 1   0.28409E-01  0.28409E-01
 SorbVolIm[M/L2] 1   0.70416E+00  0.70416E+00
 sMeanIm  [-]    1   0.11142E-01  0.11142E-01
 CncBalT  [M]    1  -0.67045E-01
 CncBalR  [%]    1        11.810
----------------------------------------------------------

----------------------------------------------------------
 Time       [T]       18.6000
----------------------------------------------------------
 Sub-region num.                     1
----------------------------------------------------------
 Length   [L]        0.40000E+02  0.40000E+02
 ConcVol  [M/L2] 1   0.45585E+01  0.45585E+01
 cMean    [M/L3] 1   0.28381E-01  0.28381E-01
 SorbVolIm[M/L2] 1   0.70782E+00  0.70782E+00
 sMeanIm  [-]    1   0.11200E-01  0.11200E-01
 CncBalT  [M]    1  -0.67881E-01
 CncBalR  [%]    1        11.864
----------------------------------------------------------

----------------------------------------------------------
 Time       [T]       18.8000
----------------------------------------------------------
 Sub-region num.                     1
----------------------------------------------------------
 Length   [L]        0.40000E+02  0.40000E+02
 ConcVol  [M/L2] 1   0.45540E+01  0.45540E+01
 cMean    [M/L3] 1   0.28353E-01  0.28353E-01
 SorbVolIm[M/L2] 1   0.71148E+00  0.71148E+00
 sMeanIm  [-]    1   0.11258E-01  0.11258E-01
 CncBalT  [M]    1  -0.68716E-01
 CncBalR  [%]    1        11.917
----------------------------------------------------------

----------------------------------------------------------
 Time       [T]       19.0000
----------------------------------------------------------
 Sub-region num.                     1
----------------------------------------------------------
 Length   [L]        0.40000E+02  0.40000E+02
 ConcVol  [M/L2] 1   0.45496E+01  0.45496E+01
 cMean    [M/L3] 1   0.28324E-01  0.28324E-01
 SorbVolIm[M/L2] 1   0.71514E+00  0.71514E+00
 sMeanIm  [-]    1   0.11315E-01  0.11315E-01
 CncBalT  [M]    1  -0.69552E-01
 CncBalR  [%]    1        11.969
----------------------------------------------------------

----------------------------------------------------------
 Time       [T]       19.2000
----------------------------------------------------------
 Sub-region num.                     1
----------------------------------------------------------
 Length   [L]        0.40000E+02  0.40000E+02
 ConcVol  [M/L2] 1   0.45451E+01  0.45451E+01
 cMean    [M/L3] 1   0.28296E-01  0.28296E-01
 SorbVolIm[M/L2] 1   0.71870E+00  0.71870E+00
 sMeanIm  [-]    1   0.11372E-01  0.11372E-01
 CncBalT  [M]    1  -0.70482E-01
 CncBalR  [%]    1        12.036
----------------------------------------------------------

----------------------------------------------------------
 Time       [T]       19.4000
----------------------------------------------------------
 Sub-region num.                     1
----------------------------------------------------------
 Length   [L]        0.40000E+02  0.40000E+02
 ConcVol  [M/L2] 1   0.45406E+01  0.45406E+01
 cMean    [M/L3] 1   0.28268E-01  0.28268E-01
 SorbVolIm[M/L2] 1   0.72226E+00  0.72226E+00
 sMeanIm  [-]    1   0.11428E-01  0.11428E-01
 CncBalT  [M]    1  -0.71425E-01
 CncBalR  [%]    1        12.105
----------------------------------------------------------

----------------------------------------------------------
 Time       [T]       19.6000
----------------------------------------------------------
 Sub-region num.                     1
----------------------------------------------------------
 Length   [L]        0.40000E+02  0.40000E+02
 ConcVol  [M/L2] 1   0.45362E+01  0.45362E+01
 cMean    [M/L3] 1   0.28239E-01  0.28239E-01
 SorbVolIm[M/L2] 1   0.72581E+00  0.72581E+00
 sMeanIm  [-]    1   0.11484E-01  0.11484E-01
 CncBalT  [M]    1  -0.72365E-01
 CncBalR  [%]    1        12.172
----------------------------------------------------------

----------------------------------------------------------
 Time       [T]       19.8000
----------------------------------------------------------
 Sub-region num.                     1
----------------------------------------------------------
 Length   [L]        0.40000E+02  0.40000E+02
 ConcVol  [M/L2] 1   0.45317E+01  0.45317E+01
 cMean    [M/L3] 1   0.28211E-01  0.28211E-01
 SorbVolIm[M/L2] 1   0.72936E+00  0.72936E+00
 sMeanIm  [-]    1   0.11540E-01  0.11540E-01
 CncBalT  [M]    1  -0.73306E-01
 CncBalR  [%]    1        12.239
----------------------------------------------------------

----------------------------------------------------------
 Time       [T]       20.0000
----------------------------------------------------------
 Sub-region num.                     1
----------------------------------------------------------
 Length   [L]        0.40000E+02  0.40000E+02
 ConcVol  [M/L2] 1   0.45273E+01  0.45273E+01
 cMean    [M/L3] 1   0.28183E-01  0.28183E-01
 SorbVolIm[M/L2] 1   0.73291E+00  0.73291E+00
 sMeanIm  [-]    1   0.11597E-01  0.11597E-01
 CncBalT  [M]    1  -0.74248E-01
 CncBalR  [%]    1        12.304
----------------------------------------------------------
 
 Calculation time [sec]   4.20999999344349     
