 ******* Program HYDRUS
 ******* 
 PFOS                                                                    
 Date:   8.11.2022    Time:  15:44:14
 Units: L = cm   , T = days , M = µg   


    TLevel      Time           dt     ItrW ItrC    ItCum  KodT  KodB Converg  Peclet   Courant

     2000  0.2000000E+00  0.10001E-03    1    1     2000     1     1     T 99999.000     0.000
     4000  0.4000000E+00  0.10001E-03    1    1     4000     1     1     T 99999.000     0.000
     6000  0.6000000E+00  0.10001E-03    1    1     6000     1     1     T 99999.000     0.000
     8000  0.8000000E+00  0.10001E-03    1    1     8000     1     1     T 99999.000     0.000
    10000  0.1000000E+01  0.10001E-03    1    1    10000     1     1     T 99999.000     0.000
    12000  0.1200000E+01  0.10001E-03    1    1    12000     1     1     T 99999.000     0.000
    14000  0.1400000E+01  0.10001E-03    1    1    14000     1     1     T 99999.000     0.000
    16000  0.1600000E+01  0.10001E-03    1    1    16000     1     1     T 99999.000     0.000
    18000  0.1800000E+01  0.10001E-03    1    1    18000     1     1     T 99999.000     0.000
    20000  0.2000000E+01  0.10001E-03    1    1    20000     1     1     T 99999.000     0.000
    22000  0.2200000E+01  0.10001E-03    1    1    22000     1     1     T 99999.000     0.000
    24000  0.2400000E+01  0.10001E-03    1    1    24000     1     1     T 99999.000     0.000
    26000  0.2600000E+01  0.10001E-03    1    1    26000     1     1     T 99999.000     0.000
    28000  0.2800000E+01  0.10001E-03    1    1    28000     1     1     T 99999.000     0.000
    30000  0.3000000E+01  0.10001E-03    1    1    30000     1     1     T 99999.000     0.000
    32000  0.3200000E+01  0.10001E-03    1    1    32000     1     1     T 99999.000     0.000
    34000  0.3400000E+01  0.10001E-03    1    1    34000     1     1     T 99999.000     0.000
    36000  0.3600000E+01  0.10001E-03    1    1    36000     1     1     T 99999.000     0.000
    38000  0.3800000E+01  0.10001E-03    1    1    38000     1     1     T 99999.000     0.000
    40000  0.4000000E+01  0.10001E-03    1    1    40000     1     1     T 99999.000     0.000
    42000  0.4200000E+01  0.10001E-03    1    1    42000     1     1     T 99999.000     0.000
    44000  0.4400000E+01  0.10001E-03    1    1    44000     1     1     T 99999.000     0.000
    46000  0.4600000E+01  0.10001E-03    1    1    46000     1     1     T 99999.000     0.000
    48000  0.4800000E+01  0.10001E-03    1    1    48000     1     1     T 99999.000     0.000
    50000  0.5000000E+01  0.10001E-03    1    1    50000     1     1     T 99999.000     0.000
    52000  0.5200000E+01  0.10001E-03    1    1    52000     1     1     T 99999.000     0.000
    54000  0.5400000E+01  0.10001E-03    1    1    54000     1     1     T 99999.000     0.000
    56000  0.5600000E+01  0.10001E-03    1    1    56000     1     1     T 99999.000     0.000
    58000  0.5800000E+01  0.10001E-03    1    1    58000     1     1     T 99999.000     0.000
    60000  0.6000000E+01  0.10001E-03    1    1    60000     1     1     T 99999.000     0.000
    62000  0.6200000E+01  0.10001E-03    1    1    62000     1     1     T 99999.000     0.000
    64000  0.6400000E+01  0.10001E-03    1    1    64000     1     1     T 99999.000     0.000
    66000  0.6600000E+01  0.10001E-03    1    1    66000     1     1     T 99999.000     0.000
    68000  0.6800000E+01  0.10001E-03    1    1    68000     1     1     T 99999.000     0.000
    70000  0.7000000E+01  0.10001E-03    1    1    70000     1     1     T 99999.000     0.000
    72000  0.7200000E+01  0.10001E-03    1    1    72000     1     1     T 99999.000     0.000
    74000  0.7400000E+01  0.10001E-03    1    1    74000     1     1     T 99999.000     0.000
    76000  0.7600000E+01  0.10001E-03    1    1    76000     1     1     T 99999.000     0.000
    78000  0.7800000E+01  0.10001E-03    1    1    78000     1     1     T 99999.000     0.000
    80000  0.8000000E+01  0.10001E-03    1    1    80000     1     1     T 99999.000     0.000
    82000  0.8200000E+01  0.10001E-03    1    1    82000     1     1     T 99999.000     0.000
    84000  0.8400000E+01  0.10001E-03    1    1    84000     1     1     T 99999.000     0.000
    86000  0.8600000E+01  0.10001E-03    1    1    86000     1     1     T 99999.000     0.000
    88000  0.8800000E+01  0.10001E-03    1    1    88000     1     1     T 99999.000     0.000
    90000  0.9000000E+01  0.10001E-03    1    1    90000     1     1     T 99999.000     0.000
    92000  0.9200000E+01  0.10001E-03    1    1    92000     1     1     T 99999.000     0.000
    94000  0.9400000E+01  0.10001E-03    1    1    94000     1     1     T 99999.000     0.000
    96000  0.9600000E+01  0.10001E-03    1    1    96000     1     1     T 99999.000     0.000
    98000  0.9800000E+01  0.10001E-03    1    1    98000     1     1     T 99999.000     0.000
   100000  0.1000000E+02  0.10001E-03    1    1   100000     1     1     T 99999.000     0.000
   102000  0.1020000E+02  0.10001E-03    1    1   102000     1     1     T 99999.000     0.000
   104000  0.1040000E+02  0.10001E-03    1    1   104000     1     1     T 99999.000     0.000
   106000  0.1060000E+02  0.10001E-03    1    1   106000     1     1     T 99999.000     0.000
   108000  0.1080000E+02  0.10001E-03    1    1   108000     1     1     T 99999.000     0.000
   110000  0.1100000E+02  0.10001E-03    1    1   110000     1     1     T 99999.000     0.000
   112000  0.1120000E+02  0.10001E-03    1    1   112000     1     1     T 99999.000     0.000
   114000  0.1140000E+02  0.10001E-03    1    1   114000     1     1     T 99999.000     0.000
   116000  0.1160000E+02  0.10001E-03    1    1   116000     1     1     T 99999.000     0.000
   118000  0.1180000E+02  0.10001E-03    1    1   118000     1     1     T 99999.000     0.000
   120000  0.1200000E+02  0.10001E-03    1    1   120000     1     1     T 99999.000     0.000
   122000  0.1220000E+02  0.10001E-03    1    1   122000     1     1     T 99999.000     0.000
   124000  0.1240000E+02  0.10001E-03    1    1   124000     1     1     T 99999.000     0.000
   126000  0.1260000E+02  0.10001E-03    1    1   126000     1     1     T 99999.000     0.000
   128000  0.1280000E+02  0.10001E-03    1    1   128000     1     1     T 99999.000     0.000
   130000  0.1300000E+02  0.10001E-03    1    1   130000     1     1     T 99999.000     0.000
   132000  0.1320000E+02  0.10001E-03    1    1   132000     1     1     T 99999.000     0.000
   134000  0.1340000E+02  0.10001E-03    1    1   134000     1     1     T 99999.000     0.000
   136000  0.1360000E+02  0.10001E-03    1    1   136000     1     1     T 99999.000     0.000
   138000  0.1380000E+02  0.10001E-03    1    1   138000     1     1     T 99999.000     0.000
   140000  0.1400000E+02  0.10001E-03    1    1   140000     1     1     T 99999.000     0.000
   142000  0.1420000E+02  0.10001E-03    1    1   142000     1     1     T 99999.000     0.000
   144000  0.1440000E+02  0.10001E-03    1    1   144000     1     1     T 99999.000     0.000
   146000  0.1460000E+02  0.10001E-03    1    1   146000     1     1     T 99999.000     0.000
   148000  0.1480000E+02  0.10001E-03    1    1   148000     1     1     T 99999.000     0.000
   150000  0.1500000E+02  0.10001E-03    1    1   150000     1     1     T 99999.000     0.000
   152000  0.1520000E+02  0.10001E-03    1    1   152000     1     1     T 99999.000     0.000
   154000  0.1540000E+02  0.10001E-03    1    1   154000     1     1     T 99999.000     0.000
   156000  0.1560000E+02  0.10001E-03    1    1   156000     1     1     T 99999.000     0.000
   158000  0.1580000E+02  0.10001E-03    1    1   158000     1     1     T 99999.000     0.000
   160000  0.1600000E+02  0.10001E-03    1    1   160000     1     1     T 99999.000     0.000
   162000  0.1620000E+02  0.10001E-03    1    1   162000     1     1     T 99999.000     0.000
   164000  0.1640000E+02  0.10001E-03    1    1   164000     1     1     T 99999.000     0.000
   166000  0.1660000E+02  0.10001E-03    1    1   166000     1     1     T 99999.000     0.000
   168000  0.1680000E+02  0.10001E-03    1    1   168000     1     1     T 99999.000     0.000
   170000  0.1700000E+02  0.10001E-03    1    1   170000     1     1     T 99999.000     0.000
   172000  0.1720000E+02  0.10001E-03    1    1   172000     1     1     T 99999.000     0.000
   174000  0.1740000E+02  0.10001E-03    1    1   174000     1     1     T 99999.000     0.000
   176000  0.1760000E+02  0.10001E-03    1    1   176000     1     1     T 99999.000     0.000
   178000  0.1780000E+02  0.10001E-03    1    1   178000     1     1     T 99999.000     0.000
   180000  0.1800000E+02  0.10001E-03    1    1   180000     1     1     T 99999.000     0.000
   182000  0.1820000E+02  0.10001E-03    1    1   182000     1     1     T 99999.000     0.000
   184000  0.1840000E+02  0.10001E-03    1    1   184000     1     1     T 99999.000     0.000
   186000  0.1860000E+02  0.10001E-03    1    1   186000     1     1     T 99999.000     0.000
   188000  0.1880000E+02  0.10001E-03    1    1   188000     1     1     T 99999.000     0.000
   190000  0.1900000E+02  0.10001E-03    1    1   190000     1     1     T 99999.000     0.000
   192000  0.1920000E+02  0.10001E-03    1    1   192000     1     1     T 99999.000     0.000
   194000  0.1940000E+02  0.10001E-03    1    1   194000     1     1     T 99999.000     0.000
   196000  0.1960000E+02  0.10001E-03    1    1   196000     1     1     T 99999.000     0.000
   198000  0.1980000E+02  0.10001E-03    1    1   198000     1     1     T 99999.000     0.000
   200000  0.2000000E+02  0.10001E-03    1    1   200000     1     1     T 99999.000     0.000
end
