 All solute fluxes and cumulative solute fluxes are positive into the region

       Time         cvTop        cvBot      Sum(cvTop)   Sum(cvBot)     cvCh0        cvCh1         cTop        cRoot         cBot        cvRoot    Sum(cvRoot)  Sum(cvNEql) TLevel      cGWL        cRunOff   Sum(cRunOff)    (cv(i),    Sum(cv(i)), i=1,NObs)
        [T]        [M/L2/T]     [M/L2/T]      [M/L2]       [M/L2]       [M/L2]      [M/L2]        [M/L3]      [M/L3]        [M/L3]      [M/L2/T]      [M/L2]       [M/L2]              [M/L3]        [M/L2]      [M/L3]      [M/L2/T]      [M/L2]
        0.2000  0.16227E-03  0.00000E+00 -0.13418E+00  0.00000E+00  0.00000E+00  0.00000E+00  0.00000E+00  0.00000E+00  0.31969E-01  0.00000E+00  0.00000E+00  0.44070E-02    2000  0.00000E+00  0.00000E+00  0.00000E+00
        0.4000  0.16192E-03  0.00000E+00 -0.13415E+00  0.00000E+00  0.00000E+00  0.00000E+00  0.00000E+00  0.00000E+00  0.31937E-01  0.00000E+00  0.00000E+00  0.88050E-02    4000  0.00000E+00  0.00000E+00  0.00000E+00
        0.6000  0.16157E-03  0.00000E+00 -0.13412E+00  0.00000E+00  0.00000E+00  0.00000E+00  0.00000E+00  0.00000E+00  0.31906E-01  0.00000E+00  0.00000E+00  0.13194E-01    6000  0.00000E+00  0.00000E+00  0.00000E+00
        0.8000  0.16122E-03  0.00000E+00 -0.13409E+00  0.00000E+00  0.00000E+00  0.00000E+00  0.00000E+00  0.00000E+00  0.31874E-01  0.00000E+00  0.00000E+00  0.17574E-01    8000  0.00000E+00  0.00000E+00  0.00000E+00
        1.0000  0.16087E-03  0.00000E+00 -0.13406E+00  0.00000E+00  0.00000E+00  0.00000E+00  0.00000E+00  0.00000E+00  0.31843E-01  0.00000E+00  0.00000E+00  0.21945E-01   10000  0.00000E+00  0.00000E+00  0.00000E+00
        1.2000  0.16053E-03  0.00000E+00 -0.13403E+00  0.00000E+00  0.00000E+00  0.00000E+00  0.00000E+00  0.00000E+00  0.31812E-01  0.00000E+00  0.00000E+00  0.26308E-01   12000  0.00000E+00  0.00000E+00  0.00000E+00
        1.4000  0.16018E-03  0.00000E+00 -0.13400E+00  0.00000E+00  0.00000E+00  0.00000E+00  0.00000E+00  0.00000E+00  0.31780E-01  0.00000E+00  0.00000E+00  0.30661E-01   14000  0.00000E+00  0.00000E+00  0.00000E+00
        1.6000  0.15983E-03  0.00000E+00 -0.13397E+00  0.00000E+00  0.00000E+00  0.00000E+00  0.00000E+00  0.00000E+00  0.31749E-01  0.00000E+00  0.00000E+00  0.35006E-01   16000  0.00000E+00  0.00000E+00  0.00000E+00
        1.8000  0.15949E-03  0.00000E+00 -0.13394E+00  0.00000E+00  0.00000E+00  0.00000E+00  0.00000E+00  0.00000E+00  0.31717E-01  0.00000E+00  0.00000E+00  0.39341E-01   18000  0.00000E+00  0.00000E+00  0.00000E+00
        2.0000  0.15914E-03  0.00000E+00 -0.13391E+00  0.00000E+00  0.00000E+00  0.00000E+00  0.00000E+00  0.00000E+00  0.31686E-01  0.00000E+00  0.00000E+00  0.43668E-01   20000  0.00000E+00  0.00000E+00  0.00000E+00
        2.2000  0.15880E-03  0.00000E+00 -0.13388E+00  0.00000E+00  0.00000E+00  0.00000E+00  0.00000E+00  0.00000E+00  0.31654E-01  0.00000E+00  0.00000E+00  0.47985E-01   22000  0.00000E+00  0.00000E+00  0.00000E+00
        2.4000  0.15845E-03  0.00000E+00 -0.13385E+00  0.00000E+00  0.00000E+00  0.00000E+00  0.00000E+00  0.00000E+00  0.31623E-01  0.00000E+00  0.00000E+00  0.52295E-01   24000  0.00000E+00  0.00000E+00  0.00000E+00
        2.6000  0.15811E-03  0.00000E+00 -0.13382E+00  0.00000E+00  0.00000E+00  0.00000E+00  0.00000E+00  0.00000E+00  0.31591E-01  0.00000E+00  0.00000E+00  0.56595E-01   26000  0.00000E+00  0.00000E+00  0.00000E+00
        2.8000  0.15776E-03  0.00000E+00 -0.13379E+00  0.00000E+00  0.00000E+00  0.00000E+00  0.00000E+00  0.00000E+00  0.31560E-01  0.00000E+00  0.00000E+00  0.60886E-01   28000  0.00000E+00  0.00000E+00  0.00000E+00
        3.0000  0.15742E-03  0.00000E+00 -0.13376E+00  0.00000E+00  0.00000E+00  0.00000E+00  0.00000E+00  0.00000E+00  0.31528E-01  0.00000E+00  0.00000E+00  0.65166E-01   30000  0.00000E+00  0.00000E+00  0.00000E+00
        3.2000  0.15708E-03  0.00000E+00 -0.13373E+00  0.00000E+00  0.00000E+00  0.00000E+00  0.00000E+00  0.00000E+00  0.31497E-01  0.00000E+00  0.00000E+00  0.69442E-01   32000  0.00000E+00  0.00000E+00  0.00000E+00
        3.4000  0.15673E-03  0.00000E+00 -0.13370E+00  0.00000E+00  0.00000E+00  0.00000E+00  0.00000E+00  0.00000E+00  0.31465E-01  0.00000E+00  0.00000E+00  0.73704E-01   34000  0.00000E+00  0.00000E+00  0.00000E+00
        3.6000  0.15639E-03  0.00000E+00 -0.13367E+00  0.00000E+00  0.00000E+00  0.00000E+00  0.00000E+00  0.00000E+00  0.31434E-01  0.00000E+00  0.00000E+00  0.77962E-01   36000  0.00000E+00  0.00000E+00  0.00000E+00
        3.8000  0.15605E-03  0.00000E+00 -0.13364E+00  0.00000E+00  0.00000E+00  0.00000E+00  0.00000E+00  0.00000E+00  0.31402E-01  0.00000E+00  0.00000E+00  0.82208E-01   38000  0.00000E+00  0.00000E+00  0.00000E+00
        4.0000  0.15571E-03  0.00000E+00 -0.13361E+00  0.00000E+00  0.00000E+00  0.00000E+00  0.00000E+00  0.00000E+00  0.31371E-01  0.00000E+00  0.00000E+00  0.86446E-01   40000  0.00000E+00  0.00000E+00  0.00000E+00
        4.2000  0.15537E-03  0.00000E+00 -0.13358E+00  0.00000E+00  0.00000E+00  0.00000E+00  0.00000E+00  0.00000E+00  0.31339E-01  0.00000E+00  0.00000E+00  0.90678E-01   42000  0.00000E+00  0.00000E+00  0.00000E+00
        4.4000  0.15503E-03  0.00000E+00 -0.13355E+00  0.00000E+00  0.00000E+00  0.00000E+00  0.00000E+00  0.00000E+00  0.31308E-01  0.00000E+00  0.00000E+00  0.94896E-01   44000  0.00000E+00  0.00000E+00  0.00000E+00
        4.6000  0.15469E-03  0.00000E+00 -0.13352E+00  0.00000E+00  0.00000E+00  0.00000E+00  0.00000E+00  0.00000E+00  0.31276E-01  0.00000E+00  0.00000E+00  0.99110E-01   46000  0.00000E+00  0.00000E+00  0.00000E+00
        4.8000  0.15435E-03  0.00000E+00 -0.13349E+00  0.00000E+00  0.00000E+00  0.00000E+00  0.00000E+00  0.00000E+00  0.31244E-01  0.00000E+00  0.00000E+00  0.10331E+00   48000  0.00000E+00  0.00000E+00  0.00000E+00
        5.0000  0.15401E-03  0.00000E+00 -0.13346E+00  0.00000E+00  0.00000E+00  0.00000E+00  0.00000E+00  0.00000E+00  0.31210E-01  0.00000E+00  0.00000E+00  0.10751E+00   50000  0.00000E+00  0.00000E+00  0.00000E+00
        5.2000  0.15367E-03  0.00000E+00 -0.13343E+00  0.00000E+00  0.00000E+00  0.00000E+00  0.00000E+00  0.00000E+00  0.31175E-01  0.00000E+00  0.00000E+00  0.11169E+00   52000  0.00000E+00  0.00000E+00  0.00000E+00
        5.4000  0.15334E-03  0.00000E+00 -0.13340E+00  0.00000E+00  0.00000E+00  0.00000E+00  0.00000E+00  0.00000E+00  0.31140E-01  0.00000E+00  0.00000E+00  0.11587E+00   54000  0.00000E+00  0.00000E+00  0.00000E+00
        5.6000  0.15304E-03  0.00000E+00 -0.13337E+00  0.00000E+00  0.00000E+00  0.00000E+00  0.00000E+00  0.00000E+00  0.31106E-01  0.00000E+00  0.00000E+00  0.12004E+00   56000  0.00000E+00  0.00000E+00  0.00000E+00
        5.8000  0.15273E-03  0.00000E+00 -0.13334E+00  0.00000E+00  0.00000E+00  0.00000E+00  0.00000E+00  0.00000E+00  0.31072E-01  0.00000E+00  0.00000E+00  0.12419E+00   58000  0.00000E+00  0.00000E+00  0.00000E+00
        6.0000  0.15242E-03  0.00000E+00 -0.13331E+00  0.00000E+00  0.00000E+00  0.00000E+00  0.00000E+00  0.00000E+00  0.31039E-01  0.00000E+00  0.00000E+00  0.12834E+00   60000  0.00000E+00  0.00000E+00  0.00000E+00
        6.2000  0.15211E-03  0.00000E+00 -0.13328E+00  0.00000E+00  0.00000E+00  0.00000E+00  0.00000E+00  0.00000E+00  0.31006E-01  0.00000E+00  0.00000E+00  0.13248E+00   62000  0.00000E+00  0.00000E+00  0.00000E+00
        6.4000  0.15180E-03  0.00000E+00 -0.13325E+00  0.00000E+00  0.00000E+00  0.00000E+00  0.00000E+00  0.00000E+00  0.30973E-01  0.00000E+00  0.00000E+00  0.13662E+00   64000  0.00000E+00  0.00000E+00  0.00000E+00
        6.6000  0.15149E-03  0.00000E+00 -0.13322E+00  0.00000E+00  0.00000E+00  0.00000E+00  0.00000E+00  0.00000E+00  0.30940E-01  0.00000E+00  0.00000E+00  0.14073E+00   66000  0.00000E+00  0.00000E+00  0.00000E+00
        6.8000  0.15118E-03  0.00000E+00 -0.13319E+00  0.00000E+00  0.00000E+00  0.00000E+00  0.00000E+00  0.00000E+00  0.30908E-01  0.00000E+00  0.00000E+00  0.14485E+00   68000  0.00000E+00  0.00000E+00  0.00000E+00
        7.0000  0.15087E-03  0.00000E+00 -0.13316E+00  0.00000E+00  0.00000E+00  0.00000E+00  0.00000E+00  0.00000E+00  0.30875E-01  0.00000E+00  0.00000E+00  0.14896E+00   70000  0.00000E+00  0.00000E+00  0.00000E+00
        7.2000  0.15056E-03  0.00000E+00 -0.13313E+00  0.00000E+00  0.00000E+00  0.00000E+00  0.00000E+00  0.00000E+00  0.30843E-01  0.00000E+00  0.00000E+00  0.15305E+00   72000  0.00000E+00  0.00000E+00  0.00000E+00
        7.4000  0.15025E-03  0.00000E+00 -0.13310E+00  0.00000E+00  0.00000E+00  0.00000E+00  0.00000E+00  0.00000E+00  0.30812E-01  0.00000E+00  0.00000E+00  0.15713E+00   74000  0.00000E+00  0.00000E+00  0.00000E+00
        7.6000  0.14994E-03  0.00000E+00 -0.13307E+00  0.00000E+00  0.00000E+00  0.00000E+00  0.00000E+00  0.00000E+00  0.30781E-01  0.00000E+00  0.00000E+00  0.16122E+00   76000  0.00000E+00  0.00000E+00  0.00000E+00
        7.8000  0.14963E-03  0.00000E+00 -0.13305E+00  0.00000E+00  0.00000E+00  0.00000E+00  0.00000E+00  0.00000E+00  0.30750E-01  0.00000E+00  0.00000E+00  0.16529E+00   78000  0.00000E+00  0.00000E+00  0.00000E+00
        8.0000  0.14932E-03  0.00000E+00 -0.13302E+00  0.00000E+00  0.00000E+00  0.00000E+00  0.00000E+00  0.00000E+00  0.30720E-01  0.00000E+00  0.00000E+00  0.16934E+00   80000  0.00000E+00  0.00000E+00  0.00000E+00
        8.2000  0.14900E-03  0.00000E+00 -0.13299E+00  0.00000E+00  0.00000E+00  0.00000E+00  0.00000E+00  0.00000E+00  0.30689E-01  0.00000E+00  0.00000E+00  0.17340E+00   82000  0.00000E+00  0.00000E+00  0.00000E+00
        8.4000  0.14869E-03  0.00000E+00 -0.13296E+00  0.00000E+00  0.00000E+00  0.00000E+00  0.00000E+00  0.00000E+00  0.30659E-01  0.00000E+00  0.00000E+00  0.17745E+00   84000  0.00000E+00  0.00000E+00  0.00000E+00
        8.6000  0.14838E-03  0.00000E+00 -0.13293E+00  0.00000E+00  0.00000E+00  0.00000E+00  0.00000E+00  0.00000E+00  0.30629E-01  0.00000E+00  0.00000E+00  0.18148E+00   86000  0.00000E+00  0.00000E+00  0.00000E+00
        8.8000  0.14808E-03  0.00000E+00 -0.13290E+00  0.00000E+00  0.00000E+00  0.00000E+00  0.00000E+00  0.00000E+00  0.30598E-01  0.00000E+00  0.00000E+00  0.18551E+00   88000  0.00000E+00  0.00000E+00  0.00000E+00
        9.0000  0.14777E-03  0.00000E+00 -0.13287E+00  0.00000E+00  0.00000E+00  0.00000E+00  0.00000E+00  0.00000E+00  0.30568E-01  0.00000E+00  0.00000E+00  0.18953E+00   90000  0.00000E+00  0.00000E+00  0.00000E+00
        9.2000  0.14746E-03  0.00000E+00 -0.13284E+00  0.00000E+00  0.00000E+00  0.00000E+00  0.00000E+00  0.00000E+00  0.30537E-01  0.00000E+00  0.00000E+00  0.19355E+00   92000  0.00000E+00  0.00000E+00  0.00000E+00
        9.4000  0.14716E-03  0.00000E+00 -0.13281E+00  0.00000E+00  0.00000E+00  0.00000E+00  0.00000E+00  0.00000E+00  0.30507E-01  0.00000E+00  0.00000E+00  0.19754E+00   94000  0.00000E+00  0.00000E+00  0.00000E+00
        9.6000  0.14685E-03  0.00000E+00 -0.13278E+00  0.00000E+00  0.00000E+00  0.00000E+00  0.00000E+00  0.00000E+00  0.30477E-01  0.00000E+00  0.00000E+00  0.20153E+00   96000  0.00000E+00  0.00000E+00  0.00000E+00
        9.8000  0.14655E-03  0.00000E+00 -0.13275E+00  0.00000E+00  0.00000E+00  0.00000E+00  0.00000E+00  0.00000E+00  0.30446E-01  0.00000E+00  0.00000E+00  0.20553E+00   98000  0.00000E+00  0.00000E+00  0.00000E+00
       10.0000  0.14624E-03  0.00000E+00 -0.13272E+00  0.00000E+00  0.00000E+00  0.00000E+00  0.00000E+00  0.00000E+00  0.30416E-01  0.00000E+00  0.00000E+00  0.20950E+00  100000  0.00000E+00  0.00000E+00  0.00000E+00
       10.2000  0.14594E-03  0.00000E+00 -0.13269E+00  0.00000E+00  0.00000E+00  0.00000E+00  0.00000E+00  0.00000E+00  0.30385E-01  0.00000E+00  0.00000E+00  0.21347E+00  102000  0.00000E+00  0.00000E+00  0.00000E+00
       10.4000  0.14563E-03  0.00000E+00 -0.13266E+00  0.00000E+00  0.00000E+00  0.00000E+00  0.00000E+00  0.00000E+00  0.30355E-01  0.00000E+00  0.00000E+00  0.21743E+00  104000  0.00000E+00  0.00000E+00  0.00000E+00
       10.6000  0.14533E-03  0.00000E+00 -0.13263E+00  0.00000E+00  0.00000E+00  0.00000E+00  0.00000E+00  0.00000E+00  0.30324E-01  0.00000E+00  0.00000E+00  0.22139E+00  106000  0.00000E+00  0.00000E+00  0.00000E+00
       10.8000  0.14502E-03  0.00000E+00 -0.13260E+00  0.00000E+00  0.00000E+00  0.00000E+00  0.00000E+00  0.00000E+00  0.30294E-01  0.00000E+00  0.00000E+00  0.22533E+00  108000  0.00000E+00  0.00000E+00  0.00000E+00
       11.0000  0.14471E-03  0.00000E+00 -0.13257E+00  0.00000E+00  0.00000E+00  0.00000E+00  0.00000E+00  0.00000E+00  0.30264E-01  0.00000E+00  0.00000E+00  0.22926E+00  110000  0.00000E+00  0.00000E+00  0.00000E+00
       11.2000  0.14441E-03  0.00000E+00 -0.13254E+00  0.00000E+00  0.00000E+00  0.00000E+00  0.00000E+00  0.00000E+00  0.30233E-01  0.00000E+00  0.00000E+00  0.23320E+00  112000  0.00000E+00  0.00000E+00  0.00000E+00
       11.4000  0.14410E-03  0.00000E+00 -0.13251E+00  0.00000E+00  0.00000E+00  0.00000E+00  0.00000E+00  0.00000E+00  0.30203E-01  0.00000E+00  0.00000E+00  0.23712E+00  114000  0.00000E+00  0.00000E+00  0.00000E+00
       11.6000  0.14380E-03  0.00000E+00 -0.13248E+00  0.00000E+00  0.00000E+00  0.00000E+00  0.00000E+00  0.00000E+00  0.30172E-01  0.00000E+00  0.00000E+00  0.24102E+00  116000  0.00000E+00  0.00000E+00  0.00000E+00
       11.8000  0.14349E-03  0.00000E+00 -0.13245E+00  0.00000E+00  0.00000E+00  0.00000E+00  0.00000E+00  0.00000E+00  0.30142E-01  0.00000E+00  0.00000E+00  0.24493E+00  118000  0.00000E+00  0.00000E+00  0.00000E+00
       12.0000  0.14319E-03  0.00000E+00 -0.13242E+00  0.00000E+00  0.00000E+00  0.00000E+00  0.00000E+00  0.00000E+00  0.30111E-01  0.00000E+00  0.00000E+00  0.24883E+00  120000  0.00000E+00  0.00000E+00  0.00000E+00
       12.2000  0.14289E-03  0.00000E+00 -0.13239E+00  0.00000E+00  0.00000E+00  0.00000E+00  0.00000E+00  0.00000E+00  0.30081E-01  0.00000E+00  0.00000E+00  0.25271E+00  122000  0.00000E+00  0.00000E+00  0.00000E+00
       12.4000  0.14259E-03  0.00000E+00 -0.13236E+00  0.00000E+00  0.00000E+00  0.00000E+00  0.00000E+00  0.00000E+00  0.30051E-01  0.00000E+00  0.00000E+00  0.25658E+00  124000  0.00000E+00  0.00000E+00  0.00000E+00
       12.6000  0.14229E-03  0.00000E+00 -0.13233E+00  0.00000E+00  0.00000E+00  0.00000E+00  0.00000E+00  0.00000E+00  0.30020E-01  0.00000E+00  0.00000E+00  0.26046E+00  126000  0.00000E+00  0.00000E+00  0.00000E+00
       12.8000  0.14199E-03  0.00000E+00 -0.13230E+00  0.00000E+00  0.00000E+00  0.00000E+00  0.00000E+00  0.00000E+00  0.29990E-01  0.00000E+00  0.00000E+00  0.26433E+00  128000  0.00000E+00  0.00000E+00  0.00000E+00
       13.0000  0.14169E-03  0.00000E+00 -0.13227E+00  0.00000E+00  0.00000E+00  0.00000E+00  0.00000E+00  0.00000E+00  0.29959E-01  0.00000E+00  0.00000E+00  0.26821E+00  130000  0.00000E+00  0.00000E+00  0.00000E+00
       13.2000  0.14139E-03  0.00000E+00 -0.13224E+00  0.00000E+00  0.00000E+00  0.00000E+00  0.00000E+00  0.00000E+00  0.29929E-01  0.00000E+00  0.00000E+00  0.27206E+00  132000  0.00000E+00  0.00000E+00  0.00000E+00
       13.4000  0.14109E-03  0.00000E+00 -0.13221E+00  0.00000E+00  0.00000E+00  0.00000E+00  0.00000E+00  0.00000E+00  0.29898E-01  0.00000E+00  0.00000E+00  0.27587E+00  134000  0.00000E+00  0.00000E+00  0.00000E+00
       13.6000  0.14079E-03  0.00000E+00 -0.13218E+00  0.00000E+00  0.00000E+00  0.00000E+00  0.00000E+00  0.00000E+00  0.29868E-01  0.00000E+00  0.00000E+00  0.27969E+00  136000  0.00000E+00  0.00000E+00  0.00000E+00
       13.8000  0.14049E-03  0.00000E+00 -0.13215E+00  0.00000E+00  0.00000E+00  0.00000E+00  0.00000E+00  0.00000E+00  0.29837E-01  0.00000E+00  0.00000E+00  0.28350E+00  138000  0.00000E+00  0.00000E+00  0.00000E+00
       14.0000  0.14019E-03  0.00000E+00 -0.13212E+00  0.00000E+00  0.00000E+00  0.00000E+00  0.00000E+00  0.00000E+00  0.29807E-01  0.00000E+00  0.00000E+00  0.28731E+00  140000  0.00000E+00  0.00000E+00  0.00000E+00
       14.2000  0.13989E-03  0.00000E+00 -0.13209E+00  0.00000E+00  0.00000E+00  0.00000E+00  0.00000E+00  0.00000E+00  0.29777E-01  0.00000E+00  0.00000E+00  0.29113E+00  142000  0.00000E+00  0.00000E+00  0.00000E+00
       14.4000  0.13959E-03  0.00000E+00 -0.13206E+00  0.00000E+00  0.00000E+00  0.00000E+00  0.00000E+00  0.00000E+00  0.29746E-01  0.00000E+00  0.00000E+00  0.29494E+00  144000  0.00000E+00  0.00000E+00  0.00000E+00
       14.6000  0.13929E-03  0.00000E+00 -0.13203E+00  0.00000E+00  0.00000E+00  0.00000E+00  0.00000E+00  0.00000E+00  0.29716E-01  0.00000E+00  0.00000E+00  0.29875E+00  146000  0.00000E+00  0.00000E+00  0.00000E+00
       14.8000  0.13899E-03  0.00000E+00 -0.13200E+00  0.00000E+00  0.00000E+00  0.00000E+00  0.00000E+00  0.00000E+00  0.29685E-01  0.00000E+00  0.00000E+00  0.30251E+00  148000  0.00000E+00  0.00000E+00  0.00000E+00
       15.0000  0.13869E-03  0.00000E+00 -0.13197E+00  0.00000E+00  0.00000E+00  0.00000E+00  0.00000E+00  0.00000E+00  0.29655E-01  0.00000E+00  0.00000E+00  0.30626E+00  150000  0.00000E+00  0.00000E+00  0.00000E+00
       15.2000  0.13839E-03  0.00000E+00 -0.13194E+00  0.00000E+00  0.00000E+00  0.00000E+00  0.00000E+00  0.00000E+00  0.29624E-01  0.00000E+00  0.00000E+00  0.31002E+00  152000  0.00000E+00  0.00000E+00  0.00000E+00
       15.4000  0.13810E-03  0.00000E+00 -0.13191E+00  0.00000E+00  0.00000E+00  0.00000E+00  0.00000E+00  0.00000E+00  0.29594E-01  0.00000E+00  0.00000E+00  0.31377E+00  154000  0.00000E+00  0.00000E+00  0.00000E+00
       15.6000  0.13780E-03  0.00000E+00 -0.13188E+00  0.00000E+00  0.00000E+00  0.00000E+00  0.00000E+00  0.00000E+00  0.29563E-01  0.00000E+00  0.00000E+00  0.31753E+00  156000  0.00000E+00  0.00000E+00  0.00000E+00
       15.8000  0.13751E-03  0.00000E+00 -0.13185E+00  0.00000E+00  0.00000E+00  0.00000E+00  0.00000E+00  0.00000E+00  0.29533E-01  0.00000E+00  0.00000E+00  0.32128E+00  158000  0.00000E+00  0.00000E+00  0.00000E+00
       16.0000  0.13721E-03  0.00000E+00 -0.13182E+00  0.00000E+00  0.00000E+00  0.00000E+00  0.00000E+00  0.00000E+00  0.29503E-01  0.00000E+00  0.00000E+00  0.32504E+00  160000  0.00000E+00  0.00000E+00  0.00000E+00
       16.2000  0.13692E-03  0.00000E+00 -0.13179E+00  0.00000E+00  0.00000E+00  0.00000E+00  0.00000E+00  0.00000E+00  0.29473E-01  0.00000E+00  0.00000E+00  0.32874E+00  162000  0.00000E+00  0.00000E+00  0.00000E+00
       16.4000  0.13662E-03  0.00000E+00 -0.13176E+00  0.00000E+00  0.00000E+00  0.00000E+00  0.00000E+00  0.00000E+00  0.29443E-01  0.00000E+00  0.00000E+00  0.33244E+00  164000  0.00000E+00  0.00000E+00  0.00000E+00
       16.6000  0.13633E-03  0.00000E+00 -0.13173E+00  0.00000E+00  0.00000E+00  0.00000E+00  0.00000E+00  0.00000E+00  0.29413E-01  0.00000E+00  0.00000E+00  0.33614E+00  166000  0.00000E+00  0.00000E+00  0.00000E+00
       16.8000  0.13603E-03  0.00000E+00 -0.13170E+00  0.00000E+00  0.00000E+00  0.00000E+00  0.00000E+00  0.00000E+00  0.29383E-01  0.00000E+00  0.00000E+00  0.33983E+00  168000  0.00000E+00  0.00000E+00  0.00000E+00
       17.0000  0.13574E-03  0.00000E+00 -0.13167E+00  0.00000E+00  0.00000E+00  0.00000E+00  0.00000E+00  0.00000E+00  0.29353E-01  0.00000E+00  0.00000E+00  0.34353E+00  170000  0.00000E+00  0.00000E+00  0.00000E+00
       17.2000  0.13544E-03  0.00000E+00 -0.13164E+00  0.00000E+00  0.00000E+00  0.00000E+00  0.00000E+00  0.00000E+00  0.29324E-01  0.00000E+00  0.00000E+00  0.34722E+00  172000  0.00000E+00  0.00000E+00  0.00000E+00
       17.4000  0.13515E-03  0.00000E+00 -0.13161E+00  0.00000E+00  0.00000E+00  0.00000E+00  0.00000E+00  0.00000E+00  0.29294E-01  0.00000E+00  0.00000E+00  0.35092E+00  174000  0.00000E+00  0.00000E+00  0.00000E+00
       17.6000  0.13485E-03  0.00000E+00 -0.13158E+00  0.00000E+00  0.00000E+00  0.00000E+00  0.00000E+00  0.00000E+00  0.29265E-01  0.00000E+00  0.00000E+00  0.35459E+00  176000  0.00000E+00  0.00000E+00  0.00000E+00
       17.8000  0.13456E-03  0.00000E+00 -0.13155E+00  0.00000E+00  0.00000E+00  0.00000E+00  0.00000E+00  0.00000E+00  0.29235E-01  0.00000E+00  0.00000E+00  0.35823E+00  178000  0.00000E+00  0.00000E+00  0.00000E+00
       18.0000  0.13426E-03  0.00000E+00 -0.13153E+00  0.00000E+00  0.00000E+00  0.00000E+00  0.00000E+00  0.00000E+00  0.29206E-01  0.00000E+00  0.00000E+00  0.36187E+00  180000  0.00000E+00  0.00000E+00  0.00000E+00
       18.2000  0.13397E-03  0.00000E+00 -0.13150E+00  0.00000E+00  0.00000E+00  0.00000E+00  0.00000E+00  0.00000E+00  0.29177E-01  0.00000E+00  0.00000E+00  0.36550E+00  182000  0.00000E+00  0.00000E+00  0.00000E+00
       18.4000  0.13368E-03  0.00000E+00 -0.13147E+00  0.00000E+00  0.00000E+00  0.00000E+00  0.00000E+00  0.00000E+00  0.29147E-01  0.00000E+00  0.00000E+00  0.36914E+00  184000  0.00000E+00  0.00000E+00  0.00000E+00
       18.6000  0.13339E-03  0.00000E+00 -0.13144E+00  0.00000E+00  0.00000E+00  0.00000E+00  0.00000E+00  0.00000E+00  0.29118E-01  0.00000E+00  0.00000E+00  0.37277E+00  186000  0.00000E+00  0.00000E+00  0.00000E+00
       18.8000  0.13310E-03  0.00000E+00 -0.13141E+00  0.00000E+00  0.00000E+00  0.00000E+00  0.00000E+00  0.00000E+00  0.29088E-01  0.00000E+00  0.00000E+00  0.37641E+00  188000  0.00000E+00  0.00000E+00  0.00000E+00
       19.0000  0.13281E-03  0.00000E+00 -0.13138E+00  0.00000E+00  0.00000E+00  0.00000E+00  0.00000E+00  0.00000E+00  0.29059E-01  0.00000E+00  0.00000E+00  0.38005E+00  190000  0.00000E+00  0.00000E+00  0.00000E+00
       19.2000  0.13252E-03  0.00000E+00 -0.13135E+00  0.00000E+00  0.00000E+00  0.00000E+00  0.00000E+00  0.00000E+00  0.29029E-01  0.00000E+00  0.00000E+00  0.38363E+00  192000  0.00000E+00  0.00000E+00  0.00000E+00
       19.4000  0.13223E-03  0.00000E+00 -0.13132E+00  0.00000E+00  0.00000E+00  0.00000E+00  0.00000E+00  0.00000E+00  0.29000E-01  0.00000E+00  0.00000E+00  0.38721E+00  194000  0.00000E+00  0.00000E+00  0.00000E+00
       19.6000  0.13194E-03  0.00000E+00 -0.13129E+00  0.00000E+00  0.00000E+00  0.00000E+00  0.00000E+00  0.00000E+00  0.28971E-01  0.00000E+00  0.00000E+00  0.39079E+00  196000  0.00000E+00  0.00000E+00  0.00000E+00
       19.8000  0.13165E-03  0.00000E+00 -0.13126E+00  0.00000E+00  0.00000E+00  0.00000E+00  0.00000E+00  0.00000E+00  0.28941E-01  0.00000E+00  0.00000E+00  0.39436E+00  198000  0.00000E+00  0.00000E+00  0.00000E+00
       20.0000  0.13136E-03  0.00000E+00 -0.13123E+00  0.00000E+00  0.00000E+00  0.00000E+00  0.00000E+00  0.00000E+00  0.28912E-01  0.00000E+00  0.00000E+00  0.39794E+00  200000  0.00000E+00  0.00000E+00  0.00000E+00
end
