 ******* Program HYDRUS
 ******* 
 Welcome to HYDRUS-1D                                                    
 Date:  15.11.2022    Time:  16:13: 7
 Units: L = cm   , T = days , M = µg   
 
 CosAlf,MaxIt,TolTh,  TolH
 0.000   10   0.001 1.00000
 
 TopInF,BotInF,AtmBC,SinkF,WLayer,qGWLF,FreeD,SeepF,lWat,lChem,lTemp,lRoot,lWDep
     F     F     F     F     F     F     F     F     F     T     F     F     F

Nodal point information

node      x         hOld    MatN LayN  Beta      Ah       AK      ATh     Temp    Conc(1...NS)         Sorb(1...NS)

   1      0.000    140.000    1    1   0.000    1.000    1.000    1.000   20.00  0.3200E-01  0.5300E-02
   2     -0.400    139.600    1    1   0.000    1.000    1.000    1.000   20.00  0.3200E-01  0.5300E-02
   3     -0.800    139.200    1    1   0.000    1.000    1.000    1.000   20.00  0.3200E-01  0.5300E-02
   4     -1.200    138.800    1    1   0.000    1.000    1.000    1.000   20.00  0.3200E-01  0.5300E-02
   5     -1.600    138.400    1    1   0.000    1.000    1.000    1.000   20.00  0.3200E-01  0.5300E-02
   6     -2.000    138.000    1    1   0.000    1.000    1.000    1.000   20.00  0.3200E-01  0.5300E-02
   7     -2.400    137.600    1    1   0.000    1.000    1.000    1.000   20.00  0.3200E-01  0.5300E-02
   8     -2.800    137.200    1    1   0.000    1.000    1.000    1.000   20.00  0.3200E-01  0.5300E-02
   9     -3.200    136.800    1    1   0.000    1.000    1.000    1.000   20.00  0.3200E-01  0.5300E-02
  10     -3.600    136.400    1    1   0.000    1.000    1.000    1.000   20.00  0.3200E-01  0.5300E-02
  11     -4.000    136.000    1    1   0.000    1.000    1.000    1.000   20.00  0.3200E-01  0.5300E-02
  12     -4.400    135.600    1    1   0.000    1.000    1.000    1.000   20.00  0.3200E-01  0.5300E-02
  13     -4.800    135.200    1    1   0.000    1.000    1.000    1.000   20.00  0.3200E-01  0.5300E-02
  14     -5.200    134.800    1    1   0.000    1.000    1.000    1.000   20.00  0.3200E-01  0.5300E-02
  15     -5.600    134.400    1    1   0.000    1.000    1.000    1.000   20.00  0.3200E-01  0.5300E-02
  16     -6.000    134.000    1    1   0.000    1.000    1.000    1.000   20.00  0.3200E-01  0.5300E-02
  17     -6.400    133.600    1    1   0.000    1.000    1.000    1.000   20.00  0.3200E-01  0.5300E-02
  18     -6.800    133.200    1    1   0.000    1.000    1.000    1.000   20.00  0.3200E-01  0.5300E-02
  19     -7.200    132.800    1    1   0.000    1.000    1.000    1.000   20.00  0.3200E-01  0.5300E-02
  20     -7.600    132.400    1    1   0.000    1.000    1.000    1.000   20.00  0.3200E-01  0.5300E-02
  21     -8.000    132.000    1    1   0.000    1.000    1.000    1.000   20.00  0.3200E-01  0.5300E-02
  22     -8.400    131.600    1    1   0.000    1.000    1.000    1.000   20.00  0.3200E-01  0.5300E-02
  23     -8.800    131.200    1    1   0.000    1.000    1.000    1.000   20.00  0.3200E-01  0.5300E-02
  24     -9.200    130.800    1    1   0.000    1.000    1.000    1.000   20.00  0.3200E-01  0.5300E-02
  25     -9.600    130.400    1    1   0.000    1.000    1.000    1.000   20.00  0.3200E-01  0.5300E-02
  26    -10.000    130.000    1    1   0.000    1.000    1.000    1.000   20.00  0.3200E-01  0.5300E-02
  27    -10.400    129.600    1    1   0.000    1.000    1.000    1.000   20.00  0.3200E-01  0.5300E-02
  28    -10.800    129.200    1    1   0.000    1.000    1.000    1.000   20.00  0.3200E-01  0.5300E-02
  29    -11.200    128.800    1    1   0.000    1.000    1.000    1.000   20.00  0.3200E-01  0.5300E-02
  30    -11.600    128.400    1    1   0.000    1.000    1.000    1.000   20.00  0.3200E-01  0.5300E-02
  31    -12.000    128.000    1    1   0.000    1.000    1.000    1.000   20.00  0.3200E-01  0.5300E-02
  32    -12.400    127.600    1    1   0.000    1.000    1.000    1.000   20.00  0.3200E-01  0.5300E-02
  33    -12.800    127.200    1    1   0.000    1.000    1.000    1.000   20.00  0.3200E-01  0.5300E-02
  34    -13.200    126.800    1    1   0.000    1.000    1.000    1.000   20.00  0.3200E-01  0.5300E-02
  35    -13.600    126.400    1    1   0.000    1.000    1.000    1.000   20.00  0.3200E-01  0.5300E-02
  36    -14.000    126.000    1    1   0.000    1.000    1.000    1.000   20.00  0.3200E-01  0.5300E-02
  37    -14.400    125.600    1    1   0.000    1.000    1.000    1.000   20.00  0.3200E-01  0.5300E-02
  38    -14.800    125.200    1    1   0.000    1.000    1.000    1.000   20.00  0.3200E-01  0.5300E-02
  39    -15.200    124.800    1    1   0.000    1.000    1.000    1.000   20.00  0.3200E-01  0.5300E-02
  40    -15.600    124.400    1    1   0.000    1.000    1.000    1.000   20.00  0.3200E-01  0.5300E-02
  41    -16.000    124.000    1    1   0.000    1.000    1.000    1.000   20.00  0.3200E-01  0.5300E-02
  42    -16.400    123.600    1    1   0.000    1.000    1.000    1.000   20.00  0.3200E-01  0.5300E-02
  43    -16.800    123.200    1    1   0.000    1.000    1.000    1.000   20.00  0.3200E-01  0.5300E-02
  44    -17.200    122.800    1    1   0.000    1.000    1.000    1.000   20.00  0.3200E-01  0.5300E-02
  45    -17.600    122.400    1    1   0.000    1.000    1.000    1.000   20.00  0.3200E-01  0.5300E-02
  46    -18.000    122.000    1    1   0.000    1.000    1.000    1.000   20.00  0.3200E-01  0.5300E-02
  47    -18.400    121.600    1    1   0.000    1.000    1.000    1.000   20.00  0.3200E-01  0.5300E-02
  48    -18.800    121.200    1    1   0.000    1.000    1.000    1.000   20.00  0.3200E-01  0.5300E-02
  49    -19.200    120.800    1    1   0.000    1.000    1.000    1.000   20.00  0.3200E-01  0.5300E-02
  50    -19.600    120.400    1    1   0.000    1.000    1.000    1.000   20.00  0.3200E-01  0.5300E-02
  51    -20.000    120.000    1    1   0.000    1.000    1.000    1.000   20.00  0.3200E-01  0.5300E-02
  52    -20.400    119.600    1    1   0.000    1.000    1.000    1.000   20.00  0.3200E-01  0.5300E-02
  53    -20.800    119.200    1    1   0.000    1.000    1.000    1.000   20.00  0.3200E-01  0.5300E-02
  54    -21.200    118.800    1    1   0.000    1.000    1.000    1.000   20.00  0.3200E-01  0.5300E-02
  55    -21.600    118.400    1    1   0.000    1.000    1.000    1.000   20.00  0.3200E-01  0.5300E-02
  56    -22.000    118.000    1    1   0.000    1.000    1.000    1.000   20.00  0.3200E-01  0.5300E-02
  57    -22.400    117.600    1    1   0.000    1.000    1.000    1.000   20.00  0.3200E-01  0.5300E-02
  58    -22.800    117.200    1    1   0.000    1.000    1.000    1.000   20.00  0.3200E-01  0.5300E-02
  59    -23.200    116.800    1    1   0.000    1.000    1.000    1.000   20.00  0.3200E-01  0.5300E-02
  60    -23.600    116.400    1    1   0.000    1.000    1.000    1.000   20.00  0.3200E-01  0.5300E-02
  61    -24.000    116.000    1    1   0.000    1.000    1.000    1.000   20.00  0.3200E-01  0.5300E-02
  62    -24.400    115.600    1    1   0.000    1.000    1.000    1.000   20.00  0.3200E-01  0.5300E-02
  63    -24.800    115.200    1    1   0.000    1.000    1.000    1.000   20.00  0.3200E-01  0.5300E-02
  64    -25.200    114.800    1    1   0.000    1.000    1.000    1.000   20.00  0.3200E-01  0.5300E-02
  65    -25.600    114.400    1    1   0.000    1.000    1.000    1.000   20.00  0.3200E-01  0.5300E-02
  66    -26.000    114.000    1    1   0.000    1.000    1.000    1.000   20.00  0.3200E-01  0.5300E-02
  67    -26.400    113.600    1    1   0.000    1.000    1.000    1.000   20.00  0.3200E-01  0.5300E-02
  68    -26.800    113.200    1    1   0.000    1.000    1.000    1.000   20.00  0.3200E-01  0.5300E-02
  69    -27.200    112.800    1    1   0.000    1.000    1.000    1.000   20.00  0.3200E-01  0.5300E-02
  70    -27.600    112.400    1    1   0.000    1.000    1.000    1.000   20.00  0.3200E-01  0.5300E-02
  71    -28.000    112.000    1    1   0.000    1.000    1.000    1.000   20.00  0.3200E-01  0.5300E-02
  72    -28.400    111.600    1    1   0.000    1.000    1.000    1.000   20.00  0.3200E-01  0.5300E-02
  73    -28.800    111.200    1    1   0.000    1.000    1.000    1.000   20.00  0.3200E-01  0.5300E-02
  74    -29.200    110.800    1    1   0.000    1.000    1.000    1.000   20.00  0.3200E-01  0.5300E-02
  75    -29.600    110.400    1    1   0.000    1.000    1.000    1.000   20.00  0.3200E-01  0.5300E-02
  76    -30.000    110.000    1    1   0.000    1.000    1.000    1.000   20.00  0.3200E-01  0.5300E-02
  77    -30.400    109.600    1    1   0.000    1.000    1.000    1.000   20.00  0.3200E-01  0.5300E-02
  78    -30.800    109.200    1    1   0.000    1.000    1.000    1.000   20.00  0.3200E-01  0.5300E-02
  79    -31.200    108.800    1    1   0.000    1.000    1.000    1.000   20.00  0.3200E-01  0.5300E-02
  80    -31.600    108.400    1    1   0.000    1.000    1.000    1.000   20.00  0.3200E-01  0.5300E-02
  81    -32.000    108.000    1    1   0.000    1.000    1.000    1.000   20.00  0.3200E-01  0.5300E-02
  82    -32.400    107.600    1    1   0.000    1.000    1.000    1.000   20.00  0.3200E-01  0.5300E-02
  83    -32.800    107.200    1    1   0.000    1.000    1.000    1.000   20.00  0.3200E-01  0.5300E-02
  84    -33.200    106.800    1    1   0.000    1.000    1.000    1.000   20.00  0.3200E-01  0.5300E-02
  85    -33.600    106.400    1    1   0.000    1.000    1.000    1.000   20.00  0.3200E-01  0.5300E-02
  86    -34.000    106.000    1    1   0.000    1.000    1.000    1.000   20.00  0.3200E-01  0.5300E-02
  87    -34.400    105.600    1    1   0.000    1.000    1.000    1.000   20.00  0.3200E-01  0.5300E-02
  88    -34.800    105.200    1    1   0.000    1.000    1.000    1.000   20.00  0.3200E-01  0.5300E-02
  89    -35.200    104.800    1    1   0.000    1.000    1.000    1.000   20.00  0.3200E-01  0.5300E-02
  90    -35.600    104.400    1    1   0.000    1.000    1.000    1.000   20.00  0.3200E-01  0.5300E-02
  91    -36.000    104.000    1    1   0.000    1.000    1.000    1.000   20.00  0.3200E-01  0.5300E-02
  92    -36.400    103.600    1    1   0.000    1.000    1.000    1.000   20.00  0.3200E-01  0.5300E-02
  93    -36.800    103.200    1    1   0.000    1.000    1.000    1.000   20.00  0.3200E-01  0.5300E-02
  94    -37.200    102.800    1    1   0.000    1.000    1.000    1.000   20.00  0.3200E-01  0.5300E-02
  95    -37.600    102.400    1    1   0.000    1.000    1.000    1.000   20.00  0.3200E-01  0.5300E-02
  96    -38.000    102.000    1    1   0.000    1.000    1.000    1.000   20.00  0.3200E-01  0.5300E-02
  97    -38.400    101.600    1    1   0.000    1.000    1.000    1.000   20.00  0.3200E-01  0.5300E-02
  98    -38.800    101.200    1    1   0.000    1.000    1.000    1.000   20.00  0.3200E-01  0.5300E-02
  99    -39.200    100.800    1    1   0.000    1.000    1.000    1.000   20.00  0.3200E-01  0.5300E-02
 100    -39.600    100.400    1    1   0.000    1.000    1.000    1.000   20.00  0.3200E-01  0.5300E-02
 101    -40.000    100.000    1    1   0.000    1.000    1.000    1.000   20.00  0.3200E-01  0.5300E-02
end

 Number of species in the chain :   1


MatNum, Param. array:

   Mat     Qr     Qs        Alfa         n          Ks      l

    1    0.078  0.400   0.360E-01   0.156E+01   0.200E+02  0.500

       Table of Hydraulic Properties which are interpolated in simulation
       =================================================================

  theta         h        log h        C             K        log K          S          Kv
 
  0.4000  -0.100E-05 -0.6000E+01  0.4404E-06  0.2000E+02  0.1301E+01    1.0000  0.0000E+00
  0.4000  -0.126E-05 -0.5899E+01  0.5017E-06  0.2000E+02  0.1301E+01    1.0000  0.0000E+00
  0.4000  -0.159E-05 -0.5798E+01  0.5715E-06  0.2000E+02  0.1301E+01    1.0000  0.0000E+00
  0.4000  -0.201E-05 -0.5697E+01  0.6510E-06  0.2000E+02  0.1301E+01    1.0000  0.0000E+00
  0.4000  -0.254E-05 -0.5596E+01  0.7415E-06  0.2000E+02  0.1301E+01    1.0000  0.0000E+00
  0.4000  -0.320E-05 -0.5495E+01  0.8447E-06  0.1999E+02  0.1301E+01    1.0000  0.0000E+00
  0.4000  -0.404E-05 -0.5394E+01  0.9622E-06  0.1999E+02  0.1301E+01    1.0000  0.0000E+00
  0.4000  -0.509E-05 -0.5293E+01  0.1096E-05  0.1999E+02  0.1301E+01    1.0000  0.0000E+00
  0.4000  -0.643E-05 -0.5192E+01  0.1249E-05  0.1999E+02  0.1301E+01    1.0000  0.0000E+00
  0.4000  -0.811E-05 -0.5091E+01  0.1422E-05  0.1999E+02  0.1301E+01    1.0000  0.0000E+00
  0.4000  -0.102E-04 -0.4990E+01  0.1620E-05  0.1999E+02  0.1301E+01    1.0000  0.0000E+00
  0.4000  -0.129E-04 -0.4889E+01  0.1845E-05  0.1999E+02  0.1301E+01    1.0000  0.0000E+00
  0.4000  -0.163E-04 -0.4788E+01  0.2102E-05  0.1999E+02  0.1301E+01    1.0000  0.0000E+00
  0.4000  -0.206E-04 -0.4687E+01  0.2395E-05  0.1999E+02  0.1301E+01    1.0000  0.0000E+00
  0.4000  -0.260E-04 -0.4586E+01  0.2728E-05  0.1998E+02  0.1301E+01    1.0000  0.0000E+00
  0.4000  -0.327E-04 -0.4485E+01  0.3107E-05  0.1998E+02  0.1301E+01    1.0000  0.0000E+00
  0.4000  -0.413E-04 -0.4384E+01  0.3539E-05  0.1998E+02  0.1301E+01    1.0000  0.0000E+00
  0.4000  -0.521E-04 -0.4283E+01  0.4032E-05  0.1998E+02  0.1300E+01    1.0000  0.0000E+00
  0.4000  -0.658E-04 -0.4182E+01  0.4593E-05  0.1997E+02  0.1300E+01    1.0000  0.0000E+00
  0.4000  -0.830E-04 -0.4081E+01  0.5231E-05  0.1997E+02  0.1300E+01    1.0000  0.0000E+00
  0.4000  -0.105E-03 -0.3980E+01  0.5959E-05  0.1996E+02  0.1300E+01    1.0000  0.0000E+00
  0.4000  -0.132E-03 -0.3879E+01  0.6788E-05  0.1996E+02  0.1300E+01    1.0000  0.0000E+00
  0.4000  -0.167E-03 -0.3778E+01  0.7733E-05  0.1995E+02  0.1300E+01    1.0000  0.0000E+00
  0.4000  -0.210E-03 -0.3677E+01  0.8808E-05  0.1995E+02  0.1300E+01    1.0000  0.0000E+00
  0.4000  -0.266E-03 -0.3576E+01  0.1003E-04  0.1994E+02  0.1300E+01    1.0000  0.0000E+00
  0.4000  -0.335E-03 -0.3475E+01  0.1143E-04  0.1993E+02  0.1299E+01    1.0000  0.0000E+00
  0.4000  -0.423E-03 -0.3374E+01  0.1302E-04  0.1992E+02  0.1299E+01    1.0000  0.0000E+00
  0.4000  -0.534E-03 -0.3273E+01  0.1483E-04  0.1991E+02  0.1299E+01    1.0000  0.0000E+00
  0.4000  -0.673E-03 -0.3172E+01  0.1689E-04  0.1990E+02  0.1299E+01    1.0000  0.0000E+00
  0.4000  -0.850E-03 -0.3071E+01  0.1924E-04  0.1988E+02  0.1298E+01    1.0000  0.0000E+00
  0.4000  -0.107E-02 -0.2970E+01  0.2192E-04  0.1987E+02  0.1298E+01    1.0000  0.1359E-30
  0.4000  -0.135E-02 -0.2869E+01  0.2497E-04  0.1985E+02  0.1298E+01    1.0000  0.1359E-30
  0.4000  -0.171E-02 -0.2768E+01  0.2844E-04  0.1983E+02  0.1297E+01    1.0000  0.1359E-30
  0.4000  -0.215E-02 -0.2667E+01  0.3240E-04  0.1980E+02  0.1297E+01    1.0000  0.1370E-29
  0.4000  -0.272E-02 -0.2566E+01  0.3691E-04  0.1977E+02  0.1296E+01    1.0000  0.1370E-29
  0.4000  -0.343E-02 -0.2465E+01  0.4204E-04  0.1974E+02  0.1295E+01    1.0000  0.5291E-29
  0.4000  -0.433E-02 -0.2364E+01  0.4789E-04  0.1971E+02  0.1295E+01    1.0000  0.1380E-28
  0.4000  -0.546E-02 -0.2263E+01  0.5455E-04  0.1967E+02  0.1294E+01    1.0000  0.5333E-28
  0.4000  -0.689E-02 -0.2162E+01  0.6214E-04  0.1962E+02  0.1293E+01    1.0000  0.2060E-27
  0.4000  -0.870E-02 -0.2061E+01  0.7078E-04  0.1957E+02  0.1292E+01    1.0000  0.7019E-27
  0.4000  -0.110E-01 -0.1960E+01  0.8063E-04  0.1951E+02  0.1290E+01    1.0000  0.2487E-26
  0.4000  -0.138E-01 -0.1859E+01  0.9185E-04  0.1944E+02  0.1289E+01    1.0000  0.8023E-26
  0.4000  -0.175E-01 -0.1758E+01  0.1046E-03  0.1936E+02  0.1287E+01    1.0000  0.2733E-25
  0.4000  -0.221E-01 -0.1657E+01  0.1192E-03  0.1927E+02  0.1285E+01    1.0000  0.9684E-25
  0.4000  -0.278E-01 -0.1556E+01  0.1358E-03  0.1917E+02  0.1283E+01    1.0000  0.3124E-24
  0.4000  -0.351E-01 -0.1455E+01  0.1546E-03  0.1906E+02  0.1280E+01    1.0000  0.1064E-23
  0.4000  -0.443E-01 -0.1354E+01  0.1761E-03  0.1893E+02  0.1277E+01    1.0000  0.3555E-23
  0.4000  -0.559E-01 -0.1253E+01  0.2006E-03  0.1878E+02  0.1274E+01    1.0000  0.1184E-22
  0.4000  -0.705E-01 -0.1152E+01  0.2285E-03  0.1862E+02  0.1270E+01    1.0000  0.3989E-22
  0.4000  -0.890E-01 -0.1051E+01  0.2603E-03  0.1843E+02  0.1265E+01    1.0000  0.1339E-21
  0.4000  -0.112E+00 -0.9495E+00  0.2965E-03  0.1821E+02  0.1260E+01    0.9999  0.4483E-21
  0.4000  -0.142E+00 -0.8485E+00  0.3377E-03  0.1797E+02  0.1255E+01    0.9999  0.1499E-20
  0.4000  -0.179E+00 -0.7475E+00  0.3846E-03  0.1770E+02  0.1248E+01    0.9999  0.5020E-20
  0.3999  -0.226E+00 -0.6465E+00  0.4381E-03  0.1739E+02  0.1240E+01    0.9998  0.1681E-19
  0.3999  -0.285E+00 -0.5455E+00  0.4988E-03  0.1704E+02  0.1231E+01    0.9997  0.5634E-19
  0.3999  -0.359E+00 -0.4444E+00  0.5680E-03  0.1665E+02  0.1221E+01    0.9996  0.1888E-18
  0.3998  -0.453E+00 -0.3434E+00  0.6465E-03  0.1620E+02  0.1210E+01    0.9994  0.6318E-18
  0.3997  -0.572E+00 -0.2424E+00  0.7358E-03  0.1571E+02  0.1196E+01    0.9992  0.2114E-17
  0.3996  -0.722E+00 -0.1414E+00  0.8370E-03  0.1515E+02  0.1180E+01    0.9988  0.7071E-17
  0.3994  -0.911E+00 -0.4040E-01  0.9515E-03  0.1453E+02  0.1162E+01    0.9983  0.2362E-16
  0.3992  -0.115E+01  0.6061E-01  0.1081E-02  0.1384E+02  0.1141E+01    0.9975  0.7879E-16
  0.3989  -0.145E+01  0.1616E+00  0.1226E-02  0.1307E+02  0.1116E+01    0.9964  0.2623E-15
  0.3984  -0.183E+01  0.2626E+00  0.1388E-02  0.1223E+02  0.1087E+01    0.9949  0.8705E-15
  0.3976  -0.231E+01  0.3636E+00  0.1568E-02  0.1131E+02  0.1053E+01    0.9927  0.2877E-14
  0.3966  -0.292E+01  0.4646E+00  0.1765E-02  0.1031E+02  0.1013E+01    0.9896  0.9451E-14
  0.3952  -0.368E+01  0.5657E+00  0.1977E-02  0.9246E+01  0.9659E+00    0.9851  0.3079E-13
  0.3932  -0.464E+01  0.6667E+00  0.2198E-02  0.8120E+01  0.9096E+00    0.9789  0.9909E-13
  0.3904  -0.586E+01  0.7677E+00  0.2420E-02  0.6956E+01  0.8424E+00    0.9701  0.3137E-12
  0.3865  -0.739E+01  0.8687E+00  0.2630E-02  0.5784E+01  0.7622E+00    0.9581  0.9709E-12
  0.3812  -0.933E+01  0.9697E+00  0.2806E-02  0.4640E+01  0.6665E+00    0.9417  0.2914E-11
  0.3742  -0.118E+02  0.1071E+01  0.2925E-02  0.3569E+01  0.5525E+00    0.9199  0.8398E-11
  0.3651  -0.148E+02  0.1172E+01  0.2961E-02  0.2615E+01  0.4175E+00    0.8916  0.2298E-10
  0.3537  -0.187E+02  0.1273E+01  0.2893E-02  0.1815E+01  0.2590E+00    0.8562  0.5903E-10
  0.3399  -0.236E+02  0.1374E+01  0.2714E-02  0.1189E+01  0.7528E-01    0.8134  0.1407E-09
  0.3240  -0.298E+02  0.1475E+01  0.2437E-02  0.7343E+00 -0.1341E+00    0.7638  0.3084E-09
  0.3063  -0.376E+02  0.1576E+01  0.2093E-02  0.4281E+00 -0.3685E+00    0.7090  0.6190E-09
  0.2875  -0.475E+02  0.1677E+01  0.1724E-02  0.2368E+00 -0.6257E+00    0.6507  0.1137E-08
  0.2684  -0.599E+02  0.1778E+01  0.1367E-02  0.1251E+00 -0.9028E+00    0.5914  0.1918E-08
  0.2496  -0.756E+02  0.1879E+01  0.1050E-02  0.6362E-01 -0.1196E+01    0.5330  0.2995E-08
  0.2316  -0.955E+02  0.1980E+01  0.7865E-03  0.3140E-01 -0.1503E+01    0.4771  0.4365E-08
  0.2148  -0.120E+03  0.2081E+01  0.5774E-03  0.1514E-01 -0.1820E+01    0.4248  0.5997E-08
  0.1993  -0.152E+03  0.2182E+01  0.4175E-03  0.7175E-02 -0.2144E+01    0.3767  0.7835E-08
  0.1853  -0.192E+03  0.2283E+01  0.2986E-03  0.3358E-02 -0.2474E+01    0.3331  0.9815E-08
  0.1727  -0.242E+03  0.2384E+01  0.2118E-03  0.1557E-02 -0.2808E+01    0.2940  0.1187E-07
  0.1614  -0.305E+03  0.2485E+01  0.1494E-03  0.7170E-03 -0.3144E+01    0.2590  0.1395E-07
  0.1514  -0.385E+03  0.2586E+01  0.1049E-03  0.3287E-03 -0.3483E+01    0.2279  0.1599E-07
  0.1426  -0.486E+03  0.2687E+01  0.7349E-04  0.1502E-03 -0.3823E+01    0.2005  0.1797E-07
  0.1347  -0.614E+03  0.2788E+01  0.5137E-04  0.6849E-04 -0.4164E+01    0.1762  0.1985E-07
  0.1279  -0.774E+03  0.2889E+01  0.3586E-04  0.3117E-04 -0.4506E+01    0.1548  0.2161E-07
  0.1218  -0.977E+03  0.2990E+01  0.2500E-04  0.1417E-04 -0.4849E+01    0.1360  0.2326E-07
  0.1165  -0.123E+04  0.3091E+01  0.1742E-04  0.6439E-05 -0.5191E+01    0.1194  0.2477E-07
  0.1118  -0.156E+04  0.3192E+01  0.1213E-04  0.2924E-05 -0.5534E+01    0.1049  0.2616E-07
  0.1077  -0.196E+04  0.3293E+01  0.8448E-05  0.1327E-05 -0.5877E+01    0.0921  0.2742E-07
  0.1040  -0.248E+04  0.3394E+01  0.5881E-05  0.6022E-06 -0.6220E+01    0.0809  0.2855E-07
  0.1009  -0.313E+04  0.3495E+01  0.4093E-05  0.2732E-06 -0.6564E+01    0.0710  0.2957E-07
  0.0981  -0.394E+04  0.3596E+01  0.2848E-05  0.1239E-06 -0.6907E+01    0.0623  0.3049E-07
  0.0956  -0.498E+04  0.3697E+01  0.1982E-05  0.5621E-07 -0.7250E+01    0.0547  0.3129E-07
  0.0935  -0.628E+04  0.3798E+01  0.1379E-05  0.2550E-07 -0.7594E+01    0.0480  0.3201E-07
  0.0916  -0.792E+04  0.3899E+01  0.9594E-06  0.1156E-07 -0.7937E+01    0.0422  0.3263E-07
  0.0899  -0.100E+05  0.4000E+01  0.6675E-06  0.5244E-08 -0.8280E+01    0.0370  0.3317E-07
end


 Solute transport information
 ============================

 Galerkin finite-element method


 lTDep     lWDep     cTolA     cTolR   MaxItC
  F        0    0.100E-02    0.0100     20


 Mat.     Bulk.D.    DispL    Fraction  Immobile WC
  1       1.5800    9.0000    0.5000    0.0000

    Dif.w.      Dif.g.   -------------------------------------------------- ( 1.solute)
  0.2500E+01  0.0000E+00
 Mat.     KS         Nu         Beta      Henry  SinkL1     SinkS1     SinkG1     SinkL1`    SinkS1`    SinkG1`  SinkL0     SinkS0     SinkG0      Alfa
   1 0.4500E+01 0.0000E+00 0.9800E+00 0.0000E+00 0.0000E+00 0.0000E+00 0.0000E+00 0.0000E+00 0.0000E+00 0.0000E+00 0.0000E+00 0.0000E+00 0.0000E+00 0.5000E-02

 Freundlich nonlinear adsorption isotherm for material  1

 Chemical non-equilibrium solute transport with kinetic and equilibrium sorption sites.

 kTopCh      cTop(1...NS)
   1        0.000E+00

 kBotCh      cBot(1...NS)
   0        0.000E+00

 tPulse =           200.000
